<?xml version='1.0' encoding='UTF-8'?>
<testsuite hostname="runnervm7b5n9" name="tests.RenameLspSuite" tests="59" errors="0" failures="0" skipped="2" time="110.712" timestamp="2026-06-19T02:27:26">
          <properties>
[...]
</properties>
          <testcase classname="tests.RenameLspSuite" name="basic" time="2.454">
                      
                    </testcase><testcase classname="tests.RenameLspSuite" name="renamed-import" time="2.015">
                      
                    </testcase><testcase classname="tests.RenameLspSuite" name="renamed-import-local" time="2.028">
                      
                    </testcase><testcase classname="tests.RenameLspSuite" name="renamed-import-object" time="2.013">
                      
                    </testcase><testcase classname="tests.RenameLspSuite" name="case" time="1.973">
                      
                    </testcase><testcase classname="tests.RenameLspSuite" name="generics" time="1.993">
                      
                    </testcase><testcase classname="tests.RenameLspSuite" name="match-ret-type" time="1.767">
                      
                    </testcase><testcase classname="tests.RenameLspSuite" name="across-targets" time="0.0">
                      <skipped/>
                    </testcase><testcase classname="tests.RenameLspSuite" name="unapply" time="1.838">
                      
                    </testcase><testcase classname="tests.RenameLspSuite" name="unapply-param" time="1.903">
                      
                    </testcase><testcase classname="tests.RenameLspSuite" name="local" time="1.712">
                      
                    </testcase><testcase classname="tests.RenameLspSuite" name="method" time="1.791">
                      
                    </testcase><testcase classname="tests.RenameLspSuite" name="self-type" time="1.875">
                      
                    </testcase><testcase classname="tests.RenameLspSuite" name="method-inheritance" time="1.883">
                      
                    </testcase><testcase classname="tests.RenameLspSuite" name="long-inheritance" time="1.87">
                      
                    </testcase><testcase classname="tests.RenameLspSuite" name="multiple-inheritance" time="1.905">
                      
                    </testcase><testcase classname="tests.RenameLspSuite" name="apply" time="1.811">
                      
                    </testcase><testcase classname="tests.RenameLspSuite" name="colon-bad" time="1.791">
                      
                    </testcase><testcase classname="tests.RenameLspSuite" name="colon-good" time="1.848">
                      
                    </testcase><testcase classname="tests.RenameLspSuite" name="unary-bad" time="1.906">
                      
                    </testcase><testcase classname="tests.RenameLspSuite" name="unary-bad2" time="1.742">
                      
                    </testcase><testcase classname="tests.RenameLspSuite" name="java-classes" time="1.989">
                      
                    </testcase><testcase classname="tests.RenameLspSuite" name="inheritance" time="1.734">
                      
                    </testcase><testcase classname="tests.RenameLspSuite" name="companion" time="1.719">
                      
                    </testcase><testcase classname="tests.RenameLspSuite" name="companion2" time="1.76">
                      
                    </testcase><testcase classname="tests.RenameLspSuite" name="filename-exact-match" time="1.665">
                      
                    </testcase><testcase classname="tests.RenameLspSuite" name="filename-exact-match-2" time="1.72">
                      
                    </testcase><testcase classname="tests.RenameLspSuite" name="many-files" time="2.293">
                      
                    </testcase><testcase classname="tests.RenameLspSuite" name="anon" time="1.882">
                      
                    </testcase><testcase classname="tests.RenameLspSuite" name="java-changed" time="2.853">
                      
                    </testcase><testcase classname="tests.RenameLspSuite" name="java-only" time="2.831">
                      
                    </testcase><testcase classname="tests.RenameLspSuite" name="compile-error" time="1.956">
                      
                    </testcase><testcase classname="tests.RenameLspSuite" name="macro" time="2.679">
                      
                    </testcase><testcase classname="tests.RenameLspSuite" name="macro1" time="2.462">
                      
                    </testcase><testcase classname="tests.RenameLspSuite" name="macro2" time="2.155">
                      
                    </testcase><testcase classname="tests.RenameLspSuite" name="macro3" time="2.5">
                      
                    </testcase><testcase classname="tests.RenameLspSuite" name="implicit-param" time="1.949">
                      
                    </testcase><testcase classname="tests.RenameLspSuite" name="nested-symbol" time="1.711">
                      
                    </testcase><testcase classname="tests.RenameLspSuite" name="backtick-new-name" time="1.772">
                      
                    </testcase><testcase classname="tests.RenameLspSuite" name="backtick-old-and-new-name" time="1.797">
                      
                    </testcase><testcase classname="tests.RenameLspSuite" name="backtick" time="1.786">
                      
                    </testcase><testcase classname="tests.RenameLspSuite" name="double-backtick" time="1.77">
                      
                    </testcase><testcase classname="tests.RenameLspSuite" name="backtick2" time="1.779">
                      
                    </testcase><testcase classname="tests.RenameLspSuite" name="backtick3" time="1.81">
                      
                    </testcase><testcase classname="tests.RenameLspSuite" name="backtick4" time="1.751">
                      
                    </testcase><testcase classname="tests.RenameLspSuite" name="params" time="1.975">
                      
                    </testcase><testcase classname="tests.RenameLspSuite" name="constructor" time="2.129">
                      
                    </testcase><testcase classname="tests.RenameLspSuite" name="type-params" time="1.855">
                      
                    </testcase><testcase classname="tests.RenameLspSuite" name="implicit-parameter" time="1.895">
                      
                    </testcase><testcase classname="tests.RenameLspSuite" name="ignores-unrelated-build-targets" time="1.809">
                      
                    </testcase><testcase classname="tests.RenameLspSuite" name="hierarchy-inside-method-trait" time="1.972">
                      
                    </testcase><testcase classname="tests.RenameLspSuite" name="hierarchy-inside-method-class" time="2.037">
                      
                    </testcase><testcase classname="tests.RenameLspSuite" name="variable" time="1.846">
                      
                    </testcase><testcase classname="tests.RenameLspSuite" name="variable-explicit1" time="1.805">
                      
                    </testcase><testcase classname="tests.RenameLspSuite" name="variable-explicit2" time="1.811">
                      
                    </testcase><testcase classname="tests.RenameLspSuite" name="not-compiling" time="1.634">
                      
                    </testcase><testcase classname="tests.RenameLspSuite" name="renames-in-related-build-targets" time="0.0">
                      <skipped/>
                    </testcase><testcase classname="tests.RenameLspSuite" name="i7251" time="1.753">
                      
                    </testcase><testcase classname="tests.RenameLspSuite" name="i7251-2" time="1.75">
                      
                    </testcase>
          <system-out><![CDATA[]]></system-out>
          <system-err><![CDATA[]]></system-err>
        </testsuite>