<?xml version='1.0' encoding='UTF-8'?>
<testsuite hostname="runnervm7b5n9" name="tests.mbt.MbtScalaReferenceSuite" tests="16" errors="0" failures="0" skipped="1" time="7.367" timestamp="2026-06-19T02:23:36">
          <properties>
[...]
</properties>
          <testcase classname="tests.mbt.MbtScalaReferenceSuite" name="field" time="0.566">
                      
                    </testcase><testcase classname="tests.mbt.MbtScalaReferenceSuite" name="method" time="0.489">
                      
                    </testcase><testcase classname="tests.mbt.MbtScalaReferenceSuite" name="class" time="0.558">
                      
                    </testcase><testcase classname="tests.mbt.MbtScalaReferenceSuite" name="case-class" time="0.488">
                      
                    </testcase><testcase classname="tests.mbt.MbtScalaReferenceSuite" name="pattern-match" time="0.469">
                      
                    </testcase><testcase classname="tests.mbt.MbtScalaReferenceSuite" name="sealed-trait" time="0.454">
                      
                    </testcase><testcase classname="tests.mbt.MbtScalaReferenceSuite" name="local" time="0.466">
                      
                    </testcase><testcase classname="tests.mbt.MbtScalaReferenceSuite" name="method-override" time="0.513">
                      
                    </testcase><testcase classname="tests.mbt.MbtScalaReferenceSuite" name="trait-extends" time="0.469">
                      
                    </testcase><testcase classname="tests.mbt.MbtScalaReferenceSuite" name="object" time="0.439">
                      
                    </testcase><testcase classname="tests.mbt.MbtScalaReferenceSuite" name="implicit-class" time="0.462">
                      
                    </testcase><testcase classname="tests.mbt.MbtScalaReferenceSuite" name="type-alias" time="0.463">
                      
                    </testcase><testcase classname="tests.mbt.MbtScalaReferenceSuite" name="renamed-import" time="0.472">
                      
                    </testcase><testcase classname="tests.mbt.MbtScalaReferenceSuite" name="scala-to-java-references" time="0.479">
                      
                    </testcase><testcase classname="tests.mbt.MbtScalaReferenceSuite" name="java-to-scala-references" time="0.58">
                      
                    </testcase><testcase classname="tests.mbt.MbtScalaReferenceSuite" name="java-to-scala-references-no-forwarder" time="0.0">
                      <skipped/>
                    </testcase>
          <system-out><![CDATA[]]></system-out>
          <system-err><![CDATA[]]></system-err>
        </testsuite>