<?xml version='1.0' encoding='UTF-8'?>
<testsuite hostname="runnervm7b5n9" name="tests.p.ProtoPCJavaSuite" tests="19" errors="0" failures="0" skipped="0" time="26.25" timestamp="2026-06-19T02:24:10">
          <properties>
[...]
</properties>
          <testcase classname="tests.p.ProtoPCJavaSuite" name="java-imports-multiple-proto-messages" time="1.574">
                      
                    </testcase><testcase classname="tests.p.ProtoPCJavaSuite" name="java-imports-proto-enum" time="1.372">
                      
                    </testcase><testcase classname="tests.p.ProtoPCJavaSuite" name="java-imports-nested-proto-message" time="1.443">
                      
                    </testcase><testcase classname="tests.p.ProtoPCJavaSuite" name="java-package-fallback-to-proto-package" time="1.367">
                      
                    </testcase><testcase classname="tests.p.ProtoPCJavaSuite" name="proto-java-multiple-files" time="1.418">
                      
                    </testcase><testcase classname="tests.p.ProtoPCJavaSuite" name="builder-setter-scalar-field" time="1.347">
                      
                    </testcase><testcase classname="tests.p.ProtoPCJavaSuite" name="builder-setter-message-field" time="1.384">
                      
                    </testcase><testcase classname="tests.p.ProtoPCJavaSuite" name="getter-methods" time="1.309">
                      
                    </testcase><testcase classname="tests.p.ProtoPCJavaSuite" name="repeated-field-methods" time="1.29">
                      
                    </testcase><testcase classname="tests.p.ProtoPCJavaSuite" name="map-field-methods" time="1.302">
                      
                    </testcase><testcase classname="tests.p.ProtoPCJavaSuite" name="enum-value-access" time="1.271">
                      
                    </testcase><testcase classname="tests.p.ProtoPCJavaSuite" name="has-and-clear-methods" time="1.415">
                      
                    </testcase><testcase classname="tests.p.ProtoPCJavaSuite" name="same-field-name-multiple-messages" time="1.353">
                      
                    </testcase><testcase classname="tests.p.ProtoPCJavaSuite" name="oneof-field-methods" time="1.365">
                      
                    </testcase><testcase classname="tests.p.ProtoPCJavaSuite" name="all-field-type-goto-definition" time="1.535">
                      
                    </testcase><testcase classname="tests.p.ProtoPCJavaSuite" name="grpc-outer-class-goto-definition" time="1.38">
                      
                    </testcase><testcase classname="tests.p.ProtoPCJavaSuite" name="service-implbase-compatible-with-grpc-nested-type" time="1.404">
                      
                    </testcase><testcase classname="tests.p.ProtoPCJavaSuite" name="rpc-stub-method-goto-definition" time="1.387">
                      
                    </testcase><testcase classname="tests.p.ProtoPCJavaSuite" name="proto-rename-invalidates-java" time="1.334">
                      
                    </testcase>
          <system-out><![CDATA[]]></system-out>
          <system-err><![CDATA[]]></system-err>
        </testsuite>