<?xml version='1.0' encoding='UTF-8'?>
<testsuite hostname="runnervm7b5n9" name="tests.classFinder.ClassBreakpointSuite" tests="11" errors="0" failures="0" skipped="0" time="0.024" timestamp="2026-06-19T02:23:29">
          <properties>
[...]
</properties>
          <testcase classname="tests.classFinder.ClassBreakpointSuite" name="simple" time="0.007">
                      
                    </testcase><testcase classname="tests.classFinder.ClassBreakpointSuite" name="apply" time="0.001">
                      
                    </testcase><testcase classname="tests.classFinder.ClassBreakpointSuite" name="nested" time="0.001">
                      
                    </testcase><testcase classname="tests.classFinder.ClassBreakpointSuite" name="nested-object" time="0.001">
                      
                    </testcase><testcase classname="tests.classFinder.ClassBreakpointSuite" name="no-package" time="0.001">
                      
                    </testcase><testcase classname="tests.classFinder.ClassBreakpointSuite" name="method" time="0.001">
                      
                    </testcase><testcase classname="tests.classFinder.ClassBreakpointSuite" name="trait" time="0.001">
                      
                    </testcase><testcase classname="tests.classFinder.ClassBreakpointSuite" name="package-object" time="0.005">
                      
                    </testcase><testcase classname="tests.classFinder.ClassBreakpointSuite" name="method-scala3" time="0.002">
                      
                    </testcase><testcase classname="tests.classFinder.ClassBreakpointSuite" name="inner-class-scala3" time="0.001">
                      
                    </testcase><testcase classname="tests.classFinder.ClassBreakpointSuite" name="optional-braces" time="0.003">
                      
                    </testcase>
          <system-out><![CDATA[]]></system-out>
          <system-err><![CDATA[]]></system-err>
        </testsuite>