<?xml version='1.0' encoding='UTF-8'?>
<testsuite hostname="runnervm7b5n9" name="tests.hover.HoverTermSuite" tests="44" errors="0" failures="0" skipped="3" time="1.749" timestamp="2026-06-19T02:22:44">
          <properties>
[...]
</properties>
          <testcase classname="tests.hover.HoverTermSuite" name="map_2.13.18" time="1.047">
                      
                    </testcase><testcase classname="tests.hover.HoverTermSuite" name="app_2.13.18" time="0.008">
                      
                    </testcase><testcase classname="tests.hover.HoverTermSuite" name="apply_2.13.18" time="0.009">
                      
                    </testcase><testcase classname="tests.hover.HoverTermSuite" name="case-apply_2.13.18" time="0.064">
                      
                    </testcase><testcase classname="tests.hover.HoverTermSuite" name="interpolator-arg_2.13.18" time="0.057">
                      
                    </testcase><testcase classname="tests.hover.HoverTermSuite" name="interpolator-name_2.13.18" time="0.011">
                      
                    </testcase><testcase classname="tests.hover.HoverTermSuite" name="interpolator-macro_2.13.18" time="0.02">
                      
                    </testcase><testcase classname="tests.hover.HoverTermSuite" name="interpolator-apply_2.13.18" time="0.045">
                      
                    </testcase><testcase classname="tests.hover.HoverTermSuite" name="interpolator-unapply_2.13.18" time="0.04">
                      
                    </testcase><testcase classname="tests.hover.HoverTermSuite" name="new_2.13.18" time="0.014">
                      
                    </testcase><testcase classname="tests.hover.HoverTermSuite" name="new-tparam_2.13.18" time="0.015">
                      
                    </testcase><testcase classname="tests.hover.HoverTermSuite" name="new-tparam2_2.13.18" time="0.015">
                      
                    </testcase><testcase classname="tests.hover.HoverTermSuite" name="new-anon_2.13.18" time="0.024">
                      
                    </testcase><testcase classname="tests.hover.HoverTermSuite" name="for-guard_2.13.18" time="0.013">
                      
                    </testcase><testcase classname="tests.hover.HoverTermSuite" name="for-flatMap_2.13.18" time="0.012">
                      
                    </testcase><testcase classname="tests.hover.HoverTermSuite" name="for-map_2.13.18" time="0.01">
                      
                    </testcase><testcase classname="tests.hover.HoverTermSuite" name="for-keyword_2.13.18" time="0.011">
                      
                    </testcase><testcase classname="tests.hover.HoverTermSuite" name="for-yield-keyword_2.13.18" time="0.011">
                      
                    </testcase><testcase classname="tests.hover.HoverTermSuite" name="for-if-keyword_2.13.18" time="0.009">
                      
                    </testcase><testcase classname="tests.hover.HoverTermSuite" name="for-method_2.13.18" time="0.01">
                      
                    </testcase><testcase classname="tests.hover.HoverTermSuite" name="object_2.13.18" time="0.008">
                      
                    </testcase><testcase classname="tests.hover.HoverTermSuite" name="object2_2.13.18" time="0.014">
                      
                    </testcase><testcase classname="tests.hover.HoverTermSuite" name="import_2.13.18" time="0.004">
                      
                    </testcase><testcase classname="tests.hover.HoverTermSuite" name="import2_2.13.18" time="0.004">
                      
                    </testcase><testcase classname="tests.hover.HoverTermSuite" name="import3_2.13.18" time="0.003">
                      
                    </testcase><testcase classname="tests.hover.HoverTermSuite" name="import4_2.13.18" time="0.006">
                      
                    </testcase><testcase classname="tests.hover.HoverTermSuite" name="import5_2.13.18" time="0.002">
                      
                    </testcase><testcase classname="tests.hover.HoverTermSuite" name="implicit-conv_2.13.18" time="0.014">
                      
                    </testcase><testcase classname="tests.hover.HoverTermSuite" name="implicit-conv2_2.13.18" time="0.045">
                      
                    </testcase><testcase classname="tests.hover.HoverTermSuite" name="widen_2.13.18" time="0.006">
                      
                    </testcase><testcase classname="tests.hover.HoverTermSuite" name="toplevel_2.13.18" time="0.0">
                      <skipped/>
                    </testcase><testcase classname="tests.hover.HoverTermSuite" name="annot_2.13.18" time="0.01">
                      
                    </testcase><testcase classname="tests.hover.HoverTermSuite" name="function-chain_2.13.18" time="0.022">
                      
                    </testcase><testcase classname="tests.hover.HoverTermSuite" name="function-chain2_2.13.18" time="0.016">
                      
                    </testcase><testcase classname="tests.hover.HoverTermSuite" name="function-chain3_2.13.18" time="0.018">
                      
                    </testcase><testcase classname="tests.hover.HoverTermSuite" name="function-chain4_2.13.18" time="0.022">
                      
                    </testcase><testcase classname="tests.hover.HoverTermSuite" name="function-chain5_2.13.18" time="0.01">
                      
                    </testcase><testcase classname="tests.hover.HoverTermSuite" name="import-rename_2.13.18" time="0.016">
                      
                    </testcase><testcase classname="tests.hover.HoverTermSuite" name="import-rename2_2.13.18" time="0.014">
                      
                    </testcase><testcase classname="tests.hover.HoverTermSuite" name="import-no-rename_2.13.18" time="0.019">
                      
                    </testcase><testcase classname="tests.hover.HoverTermSuite" name="notAssignedType_2.13.18" time="0.0">
                      <skipped/>
                    </testcase><testcase classname="tests.hover.HoverTermSuite" name="dealias type members in val definition_2.13.18" time="0.036">
                      
                    </testcase><testcase classname="tests.hover.HoverTermSuite" name="dealias-type-members-in-argument-of-anonymous-function_2.13.18" time="0.015">
                      
                    </testcase><testcase classname="tests.hover.HoverTermSuite" name="i7012_2.13.18" time="0.0">
                      <skipped/>
                    </testcase>
          <system-out><![CDATA[]]></system-out>
          <system-err><![CDATA[]]></system-err>
        </testsuite>