<?xml version='1.0' encoding='UTF-8'?>
<testsuite hostname="runnervm7b5n9" name="tests.pc.SignatureHelpSuite" tests="67" errors="0" failures="0" skipped="1" time="5.622" timestamp="2026-06-19T02:22:42">
          <properties>
[...]
</properties>
          <testcase classname="tests.pc.SignatureHelpSuite" name="method_2.13.18" time="3.027">
                      
                    </testcase><testcase classname="tests.pc.SignatureHelpSuite" name="empty_2.13.18" time="0.016">
                      
                    </testcase><testcase classname="tests.pc.SignatureHelpSuite" name="erroneous_2.13.18" time="0.063">
                      
                    </testcase><testcase classname="tests.pc.SignatureHelpSuite" name="canbuildfrom2_2.13.18" time="0.092">
                      
                    </testcase><testcase classname="tests.pc.SignatureHelpSuite" name="ctor_2.13.18" time="0.071">
                      
                    </testcase><testcase classname="tests.pc.SignatureHelpSuite" name="ctor1_2.13.18" time="0.139">
                      
                    </testcase><testcase classname="tests.pc.SignatureHelpSuite" name="ctor2_2.13.18" time="0.012">
                      
                    </testcase><testcase classname="tests.pc.SignatureHelpSuite" name="ctor3_2.13.18" time="0.03">
                      
                    </testcase><testcase classname="tests.pc.SignatureHelpSuite" name="ctor4_2.13.18" time="0.049">
                      
                    </testcase><testcase classname="tests.pc.SignatureHelpSuite" name="apply_2.13.18" time="0.347">
                      
                    </testcase><testcase classname="tests.pc.SignatureHelpSuite" name="partial_2.13.18" time="0.069">
                      
                    </testcase><testcase classname="tests.pc.SignatureHelpSuite" name="nested_2.13.18" time="0.014">
                      
                    </testcase><testcase classname="tests.pc.SignatureHelpSuite" name="nested2_2.13.18" time="0.01">
                      
                    </testcase><testcase classname="tests.pc.SignatureHelpSuite" name="nested3_2.13.18" time="0.01">
                      
                    </testcase><testcase classname="tests.pc.SignatureHelpSuite" name="vararg_2.13.18" time="0.013">
                      
                    </testcase><testcase classname="tests.pc.SignatureHelpSuite" name="tparam_2.13.18" time="0.013">
                      
                    </testcase><testcase classname="tests.pc.SignatureHelpSuite" name="tparam2_2.13.18" time="0.006">
                      
                    </testcase><testcase classname="tests.pc.SignatureHelpSuite" name="tparam3_2.13.18" time="0.008">
                      
                    </testcase><testcase classname="tests.pc.SignatureHelpSuite" name="tparam4_2.13.18" time="0.08">
                      
                    </testcase><testcase classname="tests.pc.SignatureHelpSuite" name="tparam5_2.13.18" time="0.032">
                      
                    </testcase><testcase classname="tests.pc.SignatureHelpSuite" name="error1_2.13.18" time="0.093">
                      
                    </testcase><testcase classname="tests.pc.SignatureHelpSuite" name="for_2.13.18" time="0.046">
                      
                    </testcase><testcase classname="tests.pc.SignatureHelpSuite" name="for1_2.13.18" time="0.027">
                      
                    </testcase><testcase classname="tests.pc.SignatureHelpSuite" name="for2_2.13.18" time="0.072">
                      
                    </testcase><testcase classname="tests.pc.SignatureHelpSuite" name="bounds_2.13.18" time="0.027">
                      
                    </testcase><testcase classname="tests.pc.SignatureHelpSuite" name="error_2.13.18" time="0.049">
                      
                    </testcase><testcase classname="tests.pc.SignatureHelpSuite" name="case-class_2.13.18" time="0.25">
                      
                    </testcase><testcase classname="tests.pc.SignatureHelpSuite" name="case-class2_2.13.18" time="0.067">
                      
                    </testcase><testcase classname="tests.pc.SignatureHelpSuite" name="named_2.13.18" time="0.047">
                      
                    </testcase><testcase classname="tests.pc.SignatureHelpSuite" name="named1_2.13.18" time="0.037">
                      
                    </testcase><testcase classname="tests.pc.SignatureHelpSuite" name="named2_2.13.18" time="0.015">
                      
                    </testcase><testcase classname="tests.pc.SignatureHelpSuite" name="named3_2.13.18" time="0.028">
                      
                    </testcase><testcase classname="tests.pc.SignatureHelpSuite" name="named4_2.13.18" time="0.007">
                      
                    </testcase><testcase classname="tests.pc.SignatureHelpSuite" name="short-name_2.13.18" time="0.013">
                      
                    </testcase><testcase classname="tests.pc.SignatureHelpSuite" name="short-name1_2.13.18" time="0.025">
                      
                    </testcase><testcase classname="tests.pc.SignatureHelpSuite" name="curry5_2.13.18" time="0.014">
                      
                    </testcase><testcase classname="tests.pc.SignatureHelpSuite" name="last-arg_2.13.18" time="0.008">
                      
                    </testcase><testcase classname="tests.pc.SignatureHelpSuite" name="last-arg1_2.13.18" time="0.018">
                      
                    </testcase><testcase classname="tests.pc.SignatureHelpSuite" name="last-arg2_2.13.18" time="0.011">
                      
                    </testcase><testcase classname="tests.pc.SignatureHelpSuite" name="last-arg3_2.13.18" time="0.16">
                      
                    </testcase><testcase classname="tests.pc.SignatureHelpSuite" name="evidence_2.13.18" time="0.013">
                      
                    </testcase><testcase classname="tests.pc.SignatureHelpSuite" name="implicit-conv_2.13.18" time="0.036">
                      
                    </testcase><testcase classname="tests.pc.SignatureHelpSuite" name="type_2.13.18" time="0.016">
                      
                    </testcase><testcase classname="tests.pc.SignatureHelpSuite" name="type1_2.13.18" time="0.014">
                      
                    </testcase><testcase classname="tests.pc.SignatureHelpSuite" name="off-by-one_2.13.18" time="0.011">
                      
                    </testcase><testcase classname="tests.pc.SignatureHelpSuite" name="off-by-one2_2.13.18" time="0.006">
                      
                    </testcase><testcase classname="tests.pc.SignatureHelpSuite" name="between-parens_2.13.18" time="0.01">
                      
                    </testcase><testcase classname="tests.pc.SignatureHelpSuite" name="between-parens2_2.13.18" time="0.011">
                      
                    </testcase><testcase classname="tests.pc.SignatureHelpSuite" name="between-parens3_2.13.18" time="0.01">
                      
                    </testcase><testcase classname="tests.pc.SignatureHelpSuite" name="default-args2_2.13.18" time="0.019">
                      
                    </testcase><testcase classname="tests.pc.SignatureHelpSuite" name="default-args3_2.13.18" time="0.018">
                      
                    </testcase><testcase classname="tests.pc.SignatureHelpSuite" name="default-args4_2.13.18" time="0.021">
                      
                    </testcase><testcase classname="tests.pc.SignatureHelpSuite" name="default-args5_2.13.18" time="0.02">
                      
                    </testcase><testcase classname="tests.pc.SignatureHelpSuite" name="default-args6_2.13.18" time="0.0">
                      <skipped/>
                    </testcase><testcase classname="tests.pc.SignatureHelpSuite" name="generic-refinement-1_2.13.18" time="0.025">
                      
                    </testcase><testcase classname="tests.pc.SignatureHelpSuite" name="generic-refinement-2_2.13.18" time="0.022">
                      
                    </testcase><testcase classname="tests.pc.SignatureHelpSuite" name="generic-refinement-3_2.13.18" time="0.021">
                      
                    </testcase><testcase classname="tests.pc.SignatureHelpSuite" name="generic-refinement-4_2.13.18" time="0.061">
                      
                    </testcase><testcase classname="tests.pc.SignatureHelpSuite" name="generic-refinement-5_2.13.18" time="0.035">
                      
                    </testcase><testcase classname="tests.pc.SignatureHelpSuite" name="implicit-conversions_2.13.18" time="0.026">
                      
                    </testcase><testcase classname="tests.pc.SignatureHelpSuite" name="class-annotation-constructor_2.13.18" time="0.021">
                      
                    </testcase><testcase classname="tests.pc.SignatureHelpSuite" name="field-annotation-constructor_2.13.18" time="0.018">
                      
                    </testcase><testcase classname="tests.pc.SignatureHelpSuite" name="annotation-subtree_2.13.18" time="0.023">
                      
                    </testcase><testcase classname="tests.pc.SignatureHelpSuite" name="superclass_2.13.18" time="0.013">
                      
                    </testcase><testcase classname="tests.pc.SignatureHelpSuite" name="superclass-2_2.13.18" time="0.012">
                      
                    </testcase><testcase classname="tests.pc.SignatureHelpSuite" name="superclass-3_2.13.18" time="0.014">
                      
                    </testcase><testcase classname="tests.pc.SignatureHelpSuite" name="superclass-4_2.13.18" time="0.011">
                      
                    </testcase>
          <system-out><![CDATA[]]></system-out>
          <system-err><![CDATA[]]></system-err>
        </testsuite>