<?xml version='1.0' encoding='UTF-8'?>
<testsuite hostname="runnervm7b5n9" name="tests.pc.CompletionCaseSuite" tests="50" errors="0" failures="0" skipped="14" time="3.184" timestamp="2026-06-19T02:23:19">
          <properties>
[...]
</properties>
          <testcase classname="tests.pc.CompletionCaseSuite" name="empty_2.13.18" time="0.858">
                      
                    </testcase><testcase classname="tests.pc.CompletionCaseSuite" name="typed_2.13.18" time="0.077">
                      
                    </testcase><testcase classname="tests.pc.CompletionCaseSuite" name="case_2.13.18" time="0.068">
                      
                    </testcase><testcase classname="tests.pc.CompletionCaseSuite" name="trailing_2.13.18" time="0.049">
                      
                    </testcase><testcase classname="tests.pc.CompletionCaseSuite" name="trailing-block_2.13.18" time="0.047">
                      
                    </testcase><testcase classname="tests.pc.CompletionCaseSuite" name="either_2.13.18" time="0.054">
                      
                    </testcase><testcase classname="tests.pc.CompletionCaseSuite" name="sealed-import_2.13.18" time="0.046">
                      
                    </testcase><testcase classname="tests.pc.CompletionCaseSuite" name="sealed-two_2.13.18" time="0.069">
                      
                    </testcase><testcase classname="tests.pc.CompletionCaseSuite" name="sealed-conflict_2.13.18" time="0.066">
                      
                    </testcase><testcase classname="tests.pc.CompletionCaseSuite" name="sealed-import-edit_2.13.18" time="0.048">
                      
                    </testcase><testcase classname="tests.pc.CompletionCaseSuite" name="local-case_2.13.18" time="0.052">
                      
                    </testcase><testcase classname="tests.pc.CompletionCaseSuite" name="apply-type_2.13.18" time="0.058">
                      
                    </testcase><testcase classname="tests.pc.CompletionCaseSuite" name="lambda-function1_2.13.18" time="0.059">
                      
                    </testcase><testcase classname="tests.pc.CompletionCaseSuite" name="lambda-function2_2.13.18" time="0.066">
                      
                    </testcase><testcase classname="tests.pc.CompletionCaseSuite" name="lambda_2.13.18" time="0.067">
                      
                    </testcase><testcase classname="tests.pc.CompletionCaseSuite" name="lambda-case_2.13.18" time="0.069">
                      
                    </testcase><testcase classname="tests.pc.CompletionCaseSuite" name="lambda-case-block_2.13.18" time="0.077">
                      
                    </testcase><testcase classname="tests.pc.CompletionCaseSuite" name="lambda-curry_2.13.18" time="0.171">
                      
                    </testcase><testcase classname="tests.pc.CompletionCaseSuite" name="partial_2.13.18" time="0.049">
                      
                    </testcase><testcase classname="tests.pc.CompletionCaseSuite" name="partial-case_2.13.18" time="0.054">
                      
                    </testcase><testcase classname="tests.pc.CompletionCaseSuite" name="partial-case-block_2.13.18" time="0.067">
                      
                    </testcase><testcase classname="tests.pc.CompletionCaseSuite" name="infix_2.13.18" time="0.048">
                      
                    </testcase><testcase classname="tests.pc.CompletionCaseSuite" name="brace_2.13.18" time="0.066">
                      
                    </testcase><testcase classname="tests.pc.CompletionCaseSuite" name="brace-label_2.13.18" time="0.067">
                      
                    </testcase><testcase classname="tests.pc.CompletionCaseSuite" name="brace-negative_2.13.18" time="0.235">
                      
                    </testcase><testcase classname="tests.pc.CompletionCaseSuite" name="brace-function2_2.13.18" time="0.058">
                      
                    </testcase><testcase classname="tests.pc.CompletionCaseSuite" name="infix-custom_2.13.18" time="0.061">
                      
                    </testcase><testcase classname="tests.pc.CompletionCaseSuite" name="infix-conflict_2.13.18" time="0.052">
                      
                    </testcase><testcase classname="tests.pc.CompletionCaseSuite" name="scala-enum_2.13.18" time="0.0">
                      <skipped/>
                    </testcase><testcase classname="tests.pc.CompletionCaseSuite" name="scala-enum2_2.13.18" time="0.0">
                      <skipped/>
                    </testcase><testcase classname="tests.pc.CompletionCaseSuite" name="scala-enum-with-param_2.13.18" time="0.0">
                      <skipped/>
                    </testcase><testcase classname="tests.pc.CompletionCaseSuite" name="single-case-class_2.13.18" time="0.0">
                      <skipped/>
                    </testcase><testcase classname="tests.pc.CompletionCaseSuite" name="private-member1_2.13.18" time="0.0">
                      <skipped/>
                    </testcase><testcase classname="tests.pc.CompletionCaseSuite" name="private-member-2_2.13.18" time="0.0">
                      <skipped/>
                    </testcase><testcase classname="tests.pc.CompletionCaseSuite" name="same-line_2.13.18" time="0.044">
                      
                    </testcase><testcase classname="tests.pc.CompletionCaseSuite" name="exhaustive-enum-tags_2.13.18" time="0.0">
                      <skipped/>
                    </testcase><testcase classname="tests.pc.CompletionCaseSuite" name="exhaustive-enum-tags2_2.13.18" time="0.0">
                      <skipped/>
                    </testcase><testcase classname="tests.pc.CompletionCaseSuite" name="exhaustive-enum-tags3_2.13.18" time="0.0">
                      <skipped/>
                    </testcase><testcase classname="tests.pc.CompletionCaseSuite" name="type-alias-case_2.13.18" time="0.0">
                      <skipped/>
                    </testcase><testcase classname="tests.pc.CompletionCaseSuite" name="type-alias-sealed-trait-case_2.13.18" time="0.064">
                      
                    </testcase><testcase classname="tests.pc.CompletionCaseSuite" name="for-comp_2.13.18" time="0.058">
                      
                    </testcase><testcase classname="tests.pc.CompletionCaseSuite" name="lambda-case-tuple_2.13.18" time="0.048">
                      
                    </testcase><testcase classname="tests.pc.CompletionCaseSuite" name="keyword-only_2.13.18" time="0.045">
                      
                    </testcase><testcase classname="tests.pc.CompletionCaseSuite" name="union-type_2.13.18" time="0.0">
                      <skipped/>
                    </testcase><testcase classname="tests.pc.CompletionCaseSuite" name="union-type-edit_2.13.18" time="0.0">
                      <skipped/>
                    </testcase><testcase classname="tests.pc.CompletionCaseSuite" name="summonFrom_2.13.18" time="0.0">
                      <skipped/>
                    </testcase><testcase classname="tests.pc.CompletionCaseSuite" name="summonFrom1_2.13.18" time="0.0">
                      <skipped/>
                    </testcase><testcase classname="tests.pc.CompletionCaseSuite" name="underscore-autoimport_2.13.18" time="0.05">
                      
                    </testcase><testcase classname="tests.pc.CompletionCaseSuite" name="case-class-autoimport_2.13.18" time="0.068">
                      
                    </testcase><testcase classname="tests.pc.CompletionCaseSuite" name="underscore-and-object_2.13.18" time="0.049">
                      
                    </testcase>
          <system-out><![CDATA[]]></system-out>
          <system-err><![CDATA[]]></system-err>
        </testsuite>