<?xml version='1.0' encoding='UTF-8'?>
<testsuite hostname="runnervm7b5n9" name="tests.pc.PcDefinitionSuite" tests="64" errors="0" failures="0" skipped="7" time="2.792" timestamp="2026-06-19T02:23:37">
          <properties>
[...]
</properties>
          <testcase classname="tests.pc.PcDefinitionSuite" name="basic_2.13.18" time="1.064">
                      
                    </testcase><testcase classname="tests.pc.PcDefinitionSuite" name="for_2.13.18" time="0.107">
                      
                    </testcase><testcase classname="tests.pc.PcDefinitionSuite" name="for-flatMap_2.13.18" time="0.04">
                      
                    </testcase><testcase classname="tests.pc.PcDefinitionSuite" name="for-map_2.13.18" time="0.016">
                      
                    </testcase><testcase classname="tests.pc.PcDefinitionSuite" name="for-withFilter_2.13.18" time="0.017">
                      
                    </testcase><testcase classname="tests.pc.PcDefinitionSuite" name="function_2.13.18" time="0.025">
                      
                    </testcase><testcase classname="tests.pc.PcDefinitionSuite" name="implicit-apply_2.13.18" time="0.039">
                      
                    </testcase><testcase classname="tests.pc.PcDefinitionSuite" name="tuple_2.13.18" time="0.016">
                      
                    </testcase><testcase classname="tests.pc.PcDefinitionSuite" name="apply_2.13.18" time="0.078">
                      
                    </testcase><testcase classname="tests.pc.PcDefinitionSuite" name="error_2.13.18" time="0.05">
                      
                    </testcase><testcase classname="tests.pc.PcDefinitionSuite" name="error2_2.13.18" time="0.02">
                      
                    </testcase><testcase classname="tests.pc.PcDefinitionSuite" name="error3_2.13.18" time="0.026">
                      
                    </testcase><testcase classname="tests.pc.PcDefinitionSuite" name="no-symbol_2.13.18" time="0.02">
                      
                    </testcase><testcase classname="tests.pc.PcDefinitionSuite" name="no-symbol-advanced_2.13.18" time="0.017">
                      
                    </testcase><testcase classname="tests.pc.PcDefinitionSuite" name="new_2.13.18" time="0.02">
                      
                    </testcase><testcase classname="tests.pc.PcDefinitionSuite" name="extends_2.13.18" time="0.022">
                      
                    </testcase><testcase classname="tests.pc.PcDefinitionSuite" name="import1_2.13.18" time="0.062">
                      
                    </testcase><testcase classname="tests.pc.PcDefinitionSuite" name="import2_2.13.18" time="0.023">
                      
                    </testcase><testcase classname="tests.pc.PcDefinitionSuite" name="import3_2.13.18" time="0.023">
                      
                    </testcase><testcase classname="tests.pc.PcDefinitionSuite" name="overloaded-method_2.13.18" time="0.024">
                      
                    </testcase><testcase classname="tests.pc.PcDefinitionSuite" name="wrong-overloaded-method_2.13.18" time="0.038">
                      
                    </testcase><testcase classname="tests.pc.PcDefinitionSuite" name="wrong-overloaded-method-2_2.13.18" time="0.034">
                      
                    </testcase><testcase classname="tests.pc.PcDefinitionSuite" name="wrong-overloaded-method-3_2.13.18" time="0.035">
                      
                    </testcase><testcase classname="tests.pc.PcDefinitionSuite" name="wrong-overloaded-apply_2.13.18" time="0.047">
                      
                    </testcase><testcase classname="tests.pc.PcDefinitionSuite" name="named-arg-local_2.13.18" time="0.023">
                      
                    </testcase><testcase classname="tests.pc.PcDefinitionSuite" name="named-arg-multiple_2.13.18" time="0.024">
                      
                    </testcase><testcase classname="tests.pc.PcDefinitionSuite" name="named-arg-reversed_2.13.18" time="0.02">
                      
                    </testcase><testcase classname="tests.pc.PcDefinitionSuite" name="named-arg-global_2.13.18" time="0.015">
                      
                    </testcase><testcase classname="tests.pc.PcDefinitionSuite" name="symbolic-infix_2.13.18" time="0.081">
                      
                    </testcase><testcase classname="tests.pc.PcDefinitionSuite" name="colon_2.13.18" time="0.023">
                      
                    </testcase><testcase classname="tests.pc.PcDefinitionSuite" name="package_2.13.18" time="0.022">
                      
                    </testcase><testcase classname="tests.pc.PcDefinitionSuite" name="eta_2.13.18" time="0.028">
                      
                    </testcase><testcase classname="tests.pc.PcDefinitionSuite" name="eta-2_2.13.18" time="0.039">
                      
                    </testcase><testcase classname="tests.pc.PcDefinitionSuite" name="result-type_2.13.18" time="0.043">
                      
                    </testcase><testcase classname="tests.pc.PcDefinitionSuite" name="constructor_2.13.18" time="0.021">
                      
                    </testcase><testcase classname="tests.pc.PcDefinitionSuite" name="case-class-ctor_2.13.18" time="0.033">
                      
                    </testcase><testcase classname="tests.pc.PcDefinitionSuite" name="case-class-and-object_2.13.18" time="0.033">
                      
                    </testcase><testcase classname="tests.pc.PcDefinitionSuite" name="case-class-apply_2.13.18" time="0.033">
                      
                    </testcase><testcase classname="tests.pc.PcDefinitionSuite" name="case-class-apply-invalid_2.13.18" time="0.044">
                      
                    </testcase><testcase classname="tests.pc.PcDefinitionSuite" name="custom-case-class-apply_2.13.18" time="0.037">
                      
                    </testcase><testcase classname="tests.pc.PcDefinitionSuite" name="custom-case-class-apply-2_2.13.18" time="0.034">
                      
                    </testcase><testcase classname="tests.pc.PcDefinitionSuite" name="companion-apply_2.13.18" time="0.02">
                      
                    </testcase><testcase classname="tests.pc.PcDefinitionSuite" name="case-class-copy_2.13.18" time="0.027">
                      
                    </testcase><testcase classname="tests.pc.PcDefinitionSuite" name="do-not-point-at ::_2.13.18" time="0.031">
                      
                    </testcase><testcase classname="tests.pc.PcDefinitionSuite" name="synthetic-definition-case-class_2.13.18" time="0.031">
                      
                    </testcase><testcase classname="tests.pc.PcDefinitionSuite" name="synthetic-definition-class-constructor_2.13.18" time="0.016">
                      
                    </testcase><testcase classname="tests.pc.PcDefinitionSuite" name="no-definition-1_2.13.18" time="0.014">
                      
                    </testcase><testcase classname="tests.pc.PcDefinitionSuite" name="no-definition-2_2.13.18" time="0.021">
                      
                    </testcase><testcase classname="tests.pc.PcDefinitionSuite" name="no-definition-3_2.13.18" time="0.022">
                      
                    </testcase><testcase classname="tests.pc.PcDefinitionSuite" name="derives-def_2.13.18" time="0.0">
                      <skipped/>
                    </testcase><testcase classname="tests.pc.PcDefinitionSuite" name="macro_2.13.18" time="0.0">
                      <skipped/>
                    </testcase><testcase classname="tests.pc.PcDefinitionSuite" name="enum-type-param_2.13.18" time="0.0">
                      <skipped/>
                    </testcase><testcase classname="tests.pc.PcDefinitionSuite" name="i5630_2.13.18" time="0.0">
                      <skipped/>
                    </testcase><testcase classname="tests.pc.PcDefinitionSuite" name="i5921_2.13.18" time="0.0">
                      <skipped/>
                    </testcase><testcase classname="tests.pc.PcDefinitionSuite" name="i5921-1_2.13.18" time="0.0">
                      <skipped/>
                    </testcase><testcase classname="tests.pc.PcDefinitionSuite" name="i5921-2_2.13.18" time="0.0">
                      <skipped/>
                    </testcase><testcase classname="tests.pc.PcDefinitionSuite" name="args4j-annotation_2.13.18" time="0.02">
                      
                    </testcase><testcase classname="tests.pc.PcDefinitionSuite" name="i7267_2.13.18" time="0.019">
                      
                    </testcase><testcase classname="tests.pc.PcDefinitionSuite" name="i7267-2_2.13.18" time="0.024">
                      
                    </testcase><testcase classname="tests.pc.PcDefinitionSuite" name="args4j-class_2.13.18" time="0.03">
                      
                    </testcase><testcase classname="tests.pc.PcDefinitionSuite" name="i7267-3_2.13.18" time="0.029">
                      
                    </testcase><testcase classname="tests.pc.PcDefinitionSuite" name="args4j-method_2.13.18" time="0.029">
                      
                    </testcase><testcase classname="tests.pc.PcDefinitionSuite" name="i7267-4_2.13.18" time="0.021">
                      
                    </testcase><testcase classname="tests.pc.PcDefinitionSuite" name="cross-file-import-definition_2.13.18" time="0.022">
                      
                    </testcase>
          <system-out><![CDATA[]]></system-out>
          <system-err><![CDATA[]]></system-err>
        </testsuite>