<?xml version='1.0' encoding='UTF-8'?>
<testsuite hostname="runnervm7b5n9" name="tests.pc.PcRenameSuite" tests="48" errors="0" failures="0" skipped="7" time="1.344" timestamp="2026-06-19T02:23:46">
          <properties>
[...]
</properties>
          <testcase classname="tests.pc.PcRenameSuite" name="basic_2.13.18" time="1.15">
                      
                    </testcase><testcase classname="tests.pc.PcRenameSuite" name="apply_2.13.18" time="0.008">
                      
                    </testcase><testcase classname="tests.pc.PcRenameSuite" name="apply-rename_2.13.18" time="0.002">
                      
                    </testcase><testcase classname="tests.pc.PcRenameSuite" name="constructor-rename_2.13.18" time="0.004">
                      
                    </testcase><testcase classname="tests.pc.PcRenameSuite" name="generics_2.13.18" time="0.011">
                      
                    </testcase><testcase classname="tests.pc.PcRenameSuite" name="match-ret-type_2.13.18" time="0.002">
                      
                    </testcase><testcase classname="tests.pc.PcRenameSuite" name="self-type_2.13.18" time="0.004">
                      
                    </testcase><testcase classname="tests.pc.PcRenameSuite" name="method-inheritance_2.13.18" time="0.001">
                      
                    </testcase><testcase classname="tests.pc.PcRenameSuite" name="long-inheritance_2.13.18" time="0.003">
                      
                    </testcase><testcase classname="tests.pc.PcRenameSuite" name="multiple-inheritance_2.13.18" time="0.002">
                      
                    </testcase><testcase classname="tests.pc.PcRenameSuite" name="colon-bad_2.13.18" time="0.004">
                      
                    </testcase><testcase classname="tests.pc.PcRenameSuite" name="colon-good_2.13.18" time="0.002">
                      
                    </testcase><testcase classname="tests.pc.PcRenameSuite" name="inheritance_2.13.18" time="0.004">
                      
                    </testcase><testcase classname="tests.pc.PcRenameSuite" name="companion_2.13.18" time="0.002">
                      
                    </testcase><testcase classname="tests.pc.PcRenameSuite" name="companion2_2.13.18" time="0.001">
                      
                    </testcase><testcase classname="tests.pc.PcRenameSuite" name="macro_2.13.18" time="0.008">
                      
                    </testcase><testcase classname="tests.pc.PcRenameSuite" name="anon_2.13.18" time="0.004">
                      
                    </testcase><testcase classname="tests.pc.PcRenameSuite" name="implicit-param_2.13.18" time="0.007">
                      
                    </testcase><testcase classname="tests.pc.PcRenameSuite" name="backtick-new-name_2.13.18" time="0.002">
                      
                    </testcase><testcase classname="tests.pc.PcRenameSuite" name="backtick-old-and-new-name_2.13.18" time="0.001">
                      
                    </testcase><testcase classname="tests.pc.PcRenameSuite" name="backtick_2.13.18" time="0.002">
                      
                    </testcase><testcase classname="tests.pc.PcRenameSuite" name="double-backtick_2.13.18" time="0.001">
                      
                    </testcase><testcase classname="tests.pc.PcRenameSuite" name="backtick2_2.13.18" time="0.001">
                      
                    </testcase><testcase classname="tests.pc.PcRenameSuite" name="backtick3_2.13.18" time="0.0">
                      
                    </testcase><testcase classname="tests.pc.PcRenameSuite" name="params1_2.13.18" time="0.014">
                      
                    </testcase><testcase classname="tests.pc.PcRenameSuite" name="params2_2.13.18" time="0.003">
                      
                    </testcase><testcase classname="tests.pc.PcRenameSuite" name="constructor_2.13.18" time="0.01">
                      
                    </testcase><testcase classname="tests.pc.PcRenameSuite" name="type-params1_2.13.18" time="0.003">
                      
                    </testcase><testcase classname="tests.pc.PcRenameSuite" name="type-params2_2.13.18" time="0.001">
                      
                    </testcase><testcase classname="tests.pc.PcRenameSuite" name="implicit-parameters_2.13.18" time="0.004">
                      
                    </testcase><testcase classname="tests.pc.PcRenameSuite" name="hierarchy-trait_2.13.18" time="0.012">
                      
                    </testcase><testcase classname="tests.pc.PcRenameSuite" name="hierarchy-class_2.13.18" time="0.011">
                      
                    </testcase><testcase classname="tests.pc.PcRenameSuite" name="variable_2.13.18" time="0.002">
                      
                    </testcase><testcase classname="tests.pc.PcRenameSuite" name="worksheet-method_2.13.18" time="0.004">
                      
                    </testcase><testcase classname="tests.pc.PcRenameSuite" name="worksheet-classes_2.13.18" time="0.012">
                      
                    </testcase><testcase classname="tests.pc.PcRenameSuite" name="not-compiling_2.13.18" time="0.008">
                      
                    </testcase><testcase classname="tests.pc.PcRenameSuite" name="extension-param_2.13.18" time="0.0">
                      <skipped/>
                    </testcase><testcase classname="tests.pc.PcRenameSuite" name="extension-params-ref_2.13.18" time="0.0">
                      <skipped/>
                    </testcase><testcase classname="tests.pc.PcRenameSuite" name="extension-type-param_2.13.18" time="0.0">
                      <skipped/>
                    </testcase><testcase classname="tests.pc.PcRenameSuite" name="extension-type-param-ref_2.13.18" time="0.0">
                      <skipped/>
                    </testcase><testcase classname="tests.pc.PcRenameSuite" name="class-of_2.13.18" time="0.002">
                      
                    </testcase><testcase classname="tests.pc.PcRenameSuite" name="trailling-comma_2.13.18" time="0.002">
                      
                    </testcase><testcase classname="tests.pc.PcRenameSuite" name="for-comp-bind_2.13.18" time="0.017">
                      
                    </testcase><testcase classname="tests.pc.PcRenameSuite" name="for-comprehension_2.13.18" time="0.004">
                      
                    </testcase><testcase classname="tests.pc.PcRenameSuite" name="map-method_2.13.18" time="0.009">
                      
                    </testcase><testcase classname="tests.pc.PcRenameSuite" name="end-marker_2.13.18" time="0.0">
                      <skipped/>
                    </testcase><testcase classname="tests.pc.PcRenameSuite" name="end-marker-with-comment_2.13.18" time="0.0">
                      <skipped/>
                    </testcase><testcase classname="tests.pc.PcRenameSuite" name="end-marker-wrong_2.13.18" time="0.0">
                      <skipped/>
                    </testcase>
          <system-out><![CDATA[]]></system-out>
          <system-err><![CDATA[]]></system-err>
        </testsuite>