<?xml version='1.0' encoding='UTF-8'?>
<testsuite hostname="runnervm7b5n9" name="tests.pc.CompletionWorkspaceSuite" tests="52" errors="0" failures="0" skipped="9" time="3.473" timestamp="2026-06-19T02:23:05">
          <properties>
[...]
</properties>
          <testcase classname="tests.pc.CompletionWorkspaceSuite" name="files_2.13.18" time="0.868">
                      
                    </testcase><testcase classname="tests.pc.CompletionWorkspaceSuite" name="import_2.13.18" time="0.065">
                      
                    </testcase><testcase classname="tests.pc.CompletionWorkspaceSuite" name="import-escape_2.13.18" time="0.069">
                      
                    </testcase><testcase classname="tests.pc.CompletionWorkspaceSuite" name="conflict_2.13.18" time="0.074">
                      
                    </testcase><testcase classname="tests.pc.CompletionWorkspaceSuite" name="import-conflict_2.13.18" time="0.066">
                      
                    </testcase><testcase classname="tests.pc.CompletionWorkspaceSuite" name="import-conflict2_2.13.18" time="0.057">
                      
                    </testcase><testcase classname="tests.pc.CompletionWorkspaceSuite" name="import-conflict3_2.13.18" time="0.084">
                      
                    </testcase><testcase classname="tests.pc.CompletionWorkspaceSuite" name="import-conflict4_2.13.18" time="0.075">
                      
                    </testcase><testcase classname="tests.pc.CompletionWorkspaceSuite" name="import-no-conflict_2.13.18" time="0.084">
                      
                    </testcase><testcase classname="tests.pc.CompletionWorkspaceSuite" name="imported-names-check1_2.13.18" time="0.066">
                      
                    </testcase><testcase classname="tests.pc.CompletionWorkspaceSuite" name="extends_2.13.18" time="0.06">
                      
                    </testcase><testcase classname="tests.pc.CompletionWorkspaceSuite" name="replace_2.13.18" time="0.05">
                      
                    </testcase><testcase classname="tests.pc.CompletionWorkspaceSuite" name="block1_2.13.18" time="0.048">
                      
                    </testcase><testcase classname="tests.pc.CompletionWorkspaceSuite" name="block2_2.13.18" time="0.042">
                      
                    </testcase><testcase classname="tests.pc.CompletionWorkspaceSuite" name="block3_2.13.18" time="0.044">
                      
                    </testcase><testcase classname="tests.pc.CompletionWorkspaceSuite" name="match_2.13.18" time="0.084">
                      
                    </testcase><testcase classname="tests.pc.CompletionWorkspaceSuite" name="case-if_2.13.18" time="0.083">
                      
                    </testcase><testcase classname="tests.pc.CompletionWorkspaceSuite" name="type_2.13.18" time="0.166">
                      
                    </testcase><testcase classname="tests.pc.CompletionWorkspaceSuite" name="partial-function_2.13.18" time="0.069">
                      
                    </testcase><testcase classname="tests.pc.CompletionWorkspaceSuite" name="for_2.13.18" time="0.076">
                      
                    </testcase><testcase classname="tests.pc.CompletionWorkspaceSuite" name="for2_2.13.18" time="0.052">
                      
                    </testcase><testcase classname="tests.pc.CompletionWorkspaceSuite" name="for3_2.13.18" time="0.048">
                      
                    </testcase><testcase classname="tests.pc.CompletionWorkspaceSuite" name="backtick_2.13.18" time="0.036">
                      
                    </testcase><testcase classname="tests.pc.CompletionWorkspaceSuite" name="annotation-def-with-middle-space_2.13.18" time="0.043">
                      
                    </testcase><testcase classname="tests.pc.CompletionWorkspaceSuite" name="annotation-class_2.13.18" time="0.059">
                      
                    </testcase><testcase classname="tests.pc.CompletionWorkspaceSuite" name="annotation-trait_2.13.18" time="0.058">
                      
                    </testcase><testcase classname="tests.pc.CompletionWorkspaceSuite" name="class-param_2.13.18" time="0.072">
                      
                    </testcase><testcase classname="tests.pc.CompletionWorkspaceSuite" name="docstring_2.13.18" time="0.059">
                      
                    </testcase><testcase classname="tests.pc.CompletionWorkspaceSuite" name="docstring-import_2.13.18" time="0.064">
                      
                    </testcase><testcase classname="tests.pc.CompletionWorkspaceSuite" name="empty-pkg_2.13.18" time="0.064">
                      
                    </testcase><testcase classname="tests.pc.CompletionWorkspaceSuite" name="parent-object_2.13.18" time="0.05">
                      
                    </testcase><testcase classname="tests.pc.CompletionWorkspaceSuite" name="parent-object-scala3_2.13.18" time="0.0">
                      <skipped/>
                    </testcase><testcase classname="tests.pc.CompletionWorkspaceSuite" name="specify-owner_2.13.18" time="0.075">
                      
                    </testcase><testcase classname="tests.pc.CompletionWorkspaceSuite" name="renamed-mutable_2.13.18" time="0.061">
                      
                    </testcase><testcase classname="tests.pc.CompletionWorkspaceSuite" name="ju-import_2.13.18" time="0.061">
                      
                    </testcase><testcase classname="tests.pc.CompletionWorkspaceSuite" name="ju-import-dup_2.13.18" time="0.06">
                      
                    </testcase><testcase classname="tests.pc.CompletionWorkspaceSuite" name="ordering-1_2.13.18" time="0.053">
                      
                    </testcase><testcase classname="tests.pc.CompletionWorkspaceSuite" name="ordering-2_2.13.18" time="0.05">
                      
                    </testcase><testcase classname="tests.pc.CompletionWorkspaceSuite" name="apply-method_2.13.18" time="0.0">
                      <skipped/>
                    </testcase><testcase classname="tests.pc.CompletionWorkspaceSuite" name="type-import_2.13.18" time="0.047">
                      
                    </testcase><testcase classname="tests.pc.CompletionWorkspaceSuite" name="directly-in-pkg_2.13.18" time="0.0">
                      <skipped/>
                    </testcase><testcase classname="tests.pc.CompletionWorkspaceSuite" name="nested-pkg_2.13.18" time="0.0">
                      <skipped/>
                    </testcase><testcase classname="tests.pc.CompletionWorkspaceSuite" name="indent-method_2.13.18" time="0.0">
                      <skipped/>
                    </testcase><testcase classname="tests.pc.CompletionWorkspaceSuite" name="case_class_param_2.13.18" time="0.051">
                      
                    </testcase><testcase classname="tests.pc.CompletionWorkspaceSuite" name="type-apply_2.13.18" time="0.0">
                      <skipped/>
                    </testcase><testcase classname="tests.pc.CompletionWorkspaceSuite" name="type-apply2_2.13.18" time="0.0">
                      <skipped/>
                    </testcase><testcase classname="tests.pc.CompletionWorkspaceSuite" name="method-name-conflict_2.13.18" time="0.0">
                      <skipped/>
                    </testcase><testcase classname="tests.pc.CompletionWorkspaceSuite" name="method-label_2.13.18" time="0.043">
                      
                    </testcase><testcase classname="tests.pc.CompletionWorkspaceSuite" name="implicit-class-val_2.13.18" time="0.039">
                      
                    </testcase><testcase classname="tests.pc.CompletionWorkspaceSuite" name="implicit-class-def_2.13.18" time="0.039">
                      
                    </testcase><testcase classname="tests.pc.CompletionWorkspaceSuite" name="extension-method_2.13.18" time="0.0">
                      <skipped/>
                    </testcase><testcase classname="tests.pc.CompletionWorkspaceSuite" name="implicit-class_2.13.18" time="0.059">
                      
                    </testcase>
          <system-out><![CDATA[]]></system-out>
          <system-err><![CDATA[]]></system-err>
        </testsuite>