<?xml version='1.0' encoding='UTF-8'?>
<testsuite hostname="runnervm7b5n9" name="tests.pc.CompletionOverrideSuite" tests="56" errors="0" failures="0" skipped="2" time="4.253" timestamp="2026-06-19T02:22:57">
          <properties>
[...]
</properties>
          <testcase classname="tests.pc.CompletionOverrideSuite" name="basic_2.13.18" time="1.373">
                      
                    </testcase><testcase classname="tests.pc.CompletionOverrideSuite" name="overload_2.13.18" time="0.039">
                      
                    </testcase><testcase classname="tests.pc.CompletionOverrideSuite" name="seen-from_2.13.18" time="0.929">
                      
                    </testcase><testcase classname="tests.pc.CompletionOverrideSuite" name="generic_2.13.18" time="0.074">
                      
                    </testcase><testcase classname="tests.pc.CompletionOverrideSuite" name="context-bound_2.13.18" time="0.03">
                      
                    </testcase><testcase classname="tests.pc.CompletionOverrideSuite" name="import_2.13.18" time="0.04">
                      
                    </testcase><testcase classname="tests.pc.CompletionOverrideSuite" name="empty_2.13.18" time="0.076">
                      
                    </testcase><testcase classname="tests.pc.CompletionOverrideSuite" name="implement_2.13.18" time="0.031">
                      
                    </testcase><testcase classname="tests.pc.CompletionOverrideSuite" name="implement-override_2.13.18" time="0.025">
                      
                    </testcase><testcase classname="tests.pc.CompletionOverrideSuite" name="error_2.13.18" time="0.06">
                      
                    </testcase><testcase classname="tests.pc.CompletionOverrideSuite" name="sort_2.13.18" time="0.03">
                      
                    </testcase><testcase classname="tests.pc.CompletionOverrideSuite" name="conflict_2.13.18" time="0.028">
                      
                    </testcase><testcase classname="tests.pc.CompletionOverrideSuite" name="conflict2_2.13.18" time="0.038">
                      
                    </testcase><testcase classname="tests.pc.CompletionOverrideSuite" name="mutable_2.13.18" time="0.027">
                      
                    </testcase><testcase classname="tests.pc.CompletionOverrideSuite" name="mutable-conflict_2.13.18" time="0.028">
                      
                    </testcase><testcase classname="tests.pc.CompletionOverrideSuite" name="jutil_2.13.18" time="0.027">
                      
                    </testcase><testcase classname="tests.pc.CompletionOverrideSuite" name="jutil-conflict_2.13.18" time="0.033">
                      
                    </testcase><testcase classname="tests.pc.CompletionOverrideSuite" name="jutil-conflict2_2.13.18" time="0.029">
                      
                    </testcase><testcase classname="tests.pc.CompletionOverrideSuite" name="jlang_2.13.18" time="0.026">
                      
                    </testcase><testcase classname="tests.pc.CompletionOverrideSuite" name="alias_2.13.18" time="0.028">
                      
                    </testcase><testcase classname="tests.pc.CompletionOverrideSuite" name="alias2_2.13.18" time="0.03">
                      
                    </testcase><testcase classname="tests.pc.CompletionOverrideSuite" name="rename_2.13.18" time="0.024">
                      
                    </testcase><testcase classname="tests.pc.CompletionOverrideSuite" name="path_2.13.18" time="0.026">
                      
                    </testcase><testcase classname="tests.pc.CompletionOverrideSuite" name="path-alias_2.13.18" time="0.026">
                      
                    </testcase><testcase classname="tests.pc.CompletionOverrideSuite" name="path-this_2.13.18" time="0.123">
                      
                    </testcase><testcase classname="tests.pc.CompletionOverrideSuite" name="final_2.13.18" time="0.036">
                      
                    </testcase><testcase classname="tests.pc.CompletionOverrideSuite" name="default_2.13.18" time="0.041">
                      
                    </testcase><testcase classname="tests.pc.CompletionOverrideSuite" name="default2_2.13.18" time="0.024">
                      
                    </testcase><testcase classname="tests.pc.CompletionOverrideSuite" name="existential_2.13.18" time="0.037">
                      
                    </testcase><testcase classname="tests.pc.CompletionOverrideSuite" name="cake_2.13.18" time="0.033">
                      
                    </testcase><testcase classname="tests.pc.CompletionOverrideSuite" name="cake2_2.13.18" time="0.034">
                      
                    </testcase><testcase classname="tests.pc.CompletionOverrideSuite" name="cake-generic_2.13.18" time="0.03">
                      
                    </testcase><testcase classname="tests.pc.CompletionOverrideSuite" name="val-negative_2.13.18" time="0.026">
                      
                    </testcase><testcase classname="tests.pc.CompletionOverrideSuite" name="val_2.13.18" time="0.028">
                      
                    </testcase><testcase classname="tests.pc.CompletionOverrideSuite" name="var_2.13.18" time="0.029">
                      
                    </testcase><testcase classname="tests.pc.CompletionOverrideSuite" name="val-var_2.13.18" time="0.023">
                      
                    </testcase><testcase classname="tests.pc.CompletionOverrideSuite" name="abstract-var_2.13.18" time="0.029">
                      
                    </testcase><testcase classname="tests.pc.CompletionOverrideSuite" name="abstract-var-val_2.13.18" time="0.046">
                      
                    </testcase><testcase classname="tests.pc.CompletionOverrideSuite" name="abstract-var-def_2.13.18" time="0.026">
                      
                    </testcase><testcase classname="tests.pc.CompletionOverrideSuite" name="private_2.13.18" time="0.021">
                      
                    </testcase><testcase classname="tests.pc.CompletionOverrideSuite" name="protected_2.13.18" time="0.023">
                      
                    </testcase><testcase classname="tests.pc.CompletionOverrideSuite" name="filter_2.13.18" time="0.026">
                      
                    </testcase><testcase classname="tests.pc.CompletionOverrideSuite" name="lazy_2.13.18" time="0.027">
                      
                    </testcase><testcase classname="tests.pc.CompletionOverrideSuite" name="early-init_2.13.18" time="0.038">
                      
                    </testcase><testcase classname="tests.pc.CompletionOverrideSuite" name="val-trait_2.13.18" time="0.032">
                      
                    </testcase><testcase classname="tests.pc.CompletionOverrideSuite" name="ident_2.13.18" time="0.044">
                      
                    </testcase><testcase classname="tests.pc.CompletionOverrideSuite" name="override-abstract_2.13.18" time="0.065">
                      
                    </testcase><testcase classname="tests.pc.CompletionOverrideSuite" name="override-concrete_2.13.18" time="0.05">
                      
                    </testcase><testcase classname="tests.pc.CompletionOverrideSuite" name="fuzzy-abstract_2.13.18" time="0.045">
                      
                    </testcase><testcase classname="tests.pc.CompletionOverrideSuite" name="override-word_2.13.18" time="0.052">
                      
                    </testcase><testcase classname="tests.pc.CompletionOverrideSuite" name="def-word_2.13.18" time="0.063">
                      
                    </testcase><testcase classname="tests.pc.CompletionOverrideSuite" name="path-dependent_2.13.18" time="0.025">
                      
                    </testcase><testcase classname="tests.pc.CompletionOverrideSuite" name="overriden-twice_2.13.18" time="0.048">
                      
                    </testcase><testcase classname="tests.pc.CompletionOverrideSuite" name="not-complete-ident_2.13.18" time="0.052">
                      
                    </testcase><testcase classname="tests.pc.CompletionOverrideSuite" name="extension-override_2.13.18" time="0.0">
                      <skipped/>
                    </testcase><testcase classname="tests.pc.CompletionOverrideSuite" name="extension_2.13.18" time="0.0">
                      <skipped/>
                    </testcase>
          <system-out><![CDATA[]]></system-out>
          <system-err><![CDATA[]]></system-err>
        </testsuite>