<?xml version='1.0' encoding='UTF-8'?>
<testsuite hostname="runnervm7b5n9" name="tests.pc.InlineValueSuite" tests="25" errors="0" failures="0" skipped="0" time="1.145" timestamp="2026-06-19T02:22:58">
          <properties>
[...]
</properties>
          <testcase classname="tests.pc.InlineValueSuite" name="inline-local_2.13.18" time="0.985">
                      
                    </testcase><testcase classname="tests.pc.InlineValueSuite" name="inline-local-same-name_2.13.18" time="0.005">
                      
                    </testcase><testcase classname="tests.pc.InlineValueSuite" name="inline-local-same-name2_2.13.18" time="0.005">
                      
                    </testcase><testcase classname="tests.pc.InlineValueSuite" name="inline-local-same-name3_2.13.18" time="0.005">
                      
                    </testcase><testcase classname="tests.pc.InlineValueSuite" name="inline-all-local_2.13.18" time="0.007">
                      
                    </testcase><testcase classname="tests.pc.InlineValueSuite" name="inline-all-local-val_2.13.18" time="0.01">
                      
                    </testcase><testcase classname="tests.pc.InlineValueSuite" name="inline-local-brackets_2.13.18" time="0.007">
                      
                    </testcase><testcase classname="tests.pc.InlineValueSuite" name="inline-all-local-brackets_2.13.18" time="0.006">
                      
                    </testcase><testcase classname="tests.pc.InlineValueSuite" name="inline-not-local_2.13.18" time="0.005">
                      
                    </testcase><testcase classname="tests.pc.InlineValueSuite" name="inline-not-local-pkg_2.13.18" time="0.005">
                      
                    </testcase><testcase classname="tests.pc.InlineValueSuite" name="lambda-apply_2.13.18" time="0.006">
                      
                    </testcase><testcase classname="tests.pc.InlineValueSuite" name="lambda-as-arg_2.13.18" time="0.005">
                      
                    </testcase><testcase classname="tests.pc.InlineValueSuite" name="lambda-param-no-shadow_2.13.18" time="0.016">
                      
                    </testcase><testcase classname="tests.pc.InlineValueSuite" name="inline-all-not-local_2.13.18" time="0.004">
                      
                    </testcase><testcase classname="tests.pc.InlineValueSuite" name="for-comprehension_2.13.18" time="0.014">
                      
                    </testcase><testcase classname="tests.pc.InlineValueSuite" name="bracktes-add_2.13.18" time="0.007">
                      
                    </testcase><testcase classname="tests.pc.InlineValueSuite" name="scoping_2.13.18" time="0.006">
                      
                    </testcase><testcase classname="tests.pc.InlineValueSuite" name="scoping-class_2.13.18" time="0.004">
                      
                    </testcase><testcase classname="tests.pc.InlineValueSuite" name="scoping-implicit_2.13.18" time="0.009">
                      
                    </testcase><testcase classname="tests.pc.InlineValueSuite" name="i6924_2.13.18" time="0.005">
                      
                    </testcase><testcase classname="tests.pc.InlineValueSuite" name="i6924-2_2.13.18" time="0.003">
                      
                    </testcase><testcase classname="tests.pc.InlineValueSuite" name="scoping-packages_2.13.18" time="0.004">
                      
                    </testcase><testcase classname="tests.pc.InlineValueSuite" name="bad-scoping_2.13.18" time="0.004">
                      
                    </testcase><testcase classname="tests.pc.InlineValueSuite" name="bad-scoping-2_2.13.18" time="0.013">
                      
                    </testcase><testcase classname="tests.pc.InlineValueSuite" name="bad-scoping-3_2.13.18" time="0.005">
                      
                    </testcase>
          <system-out><![CDATA[]]></system-out>
          <system-err><![CDATA[]]></system-err>
        </testsuite>