<?xml version='1.0' encoding='UTF-8'?>
<testsuite hostname="runnervm7b5n9" name="tests.pc.CompletionArgSuite" tests="81" errors="0" failures="0" skipped="19" time="5.534" timestamp="2026-06-19T02:23:28">
          <properties>
[...]
</properties>
          <testcase classname="tests.pc.CompletionArgSuite" name="arg_2.13.18" time="0.928">
                      
                    </testcase><testcase classname="tests.pc.CompletionArgSuite" name="arg-newline_2.13.18" time="0.12">
                      
                    </testcase><testcase classname="tests.pc.CompletionArgSuite" name="arg1_2.13.18" time="0.117">
                      
                    </testcase><testcase classname="tests.pc.CompletionArgSuite" name="arg-edit_2.13.18" time="0.043">
                      
                    </testcase><testcase classname="tests.pc.CompletionArgSuite" name="arg2_2.13.18" time="0.114">
                      
                    </testcase><testcase classname="tests.pc.CompletionArgSuite" name="arg3_2.13.18" time="0.122">
                      
                    </testcase><testcase classname="tests.pc.CompletionArgSuite" name="arg4_2.13.18" time="0.125">
                      
                    </testcase><testcase classname="tests.pc.CompletionArgSuite" name="arg5_2.13.18" time="0.122">
                      
                    </testcase><testcase classname="tests.pc.CompletionArgSuite" name="arg6_2.13.18" time="0.2">
                      
                    </testcase><testcase classname="tests.pc.CompletionArgSuite" name="arg7_2.13.18" time="0.111">
                      
                    </testcase><testcase classname="tests.pc.CompletionArgSuite" name="arg8_2.13.18" time="0.111">
                      
                    </testcase><testcase classname="tests.pc.CompletionArgSuite" name="arg9_2.13.18" time="0.108">
                      
                    </testcase><testcase classname="tests.pc.CompletionArgSuite" name="arg10_2.13.18" time="0.048">
                      
                    </testcase><testcase classname="tests.pc.CompletionArgSuite" name="arg11_2.13.18" time="0.044">
                      
                    </testcase><testcase classname="tests.pc.CompletionArgSuite" name="arg12_2.13.18" time="0.035">
                      
                    </testcase><testcase classname="tests.pc.CompletionArgSuite" name="arg13_2.13.18" time="0.042">
                      
                    </testcase><testcase classname="tests.pc.CompletionArgSuite" name="default-args_2.13.18" time="0.109">
                      
                    </testcase><testcase classname="tests.pc.CompletionArgSuite" name="default-args2_2.13.18" time="0.102">
                      
                    </testcase><testcase classname="tests.pc.CompletionArgSuite" name="default-args3_2.13.18" time="0.113">
                      
                    </testcase><testcase classname="tests.pc.CompletionArgSuite" name="default-args4_2.13.18" time="0.097">
                      
                    </testcase><testcase classname="tests.pc.CompletionArgSuite" name="default-args5_2.13.18" time="0.1">
                      
                    </testcase><testcase classname="tests.pc.CompletionArgSuite" name="default-args6_2.13.18" time="0.0">
                      <skipped/>
                    </testcase><testcase classname="tests.pc.CompletionArgSuite" name="default-args7_2.13.18" time="0.1">
                      
                    </testcase><testcase classname="tests.pc.CompletionArgSuite" name="default-args8_2.13.18" time="0.1">
                      
                    </testcase><testcase classname="tests.pc.CompletionArgSuite" name="explicit-dollar_2.13.18" time="0.048">
                      
                    </testcase><testcase classname="tests.pc.CompletionArgSuite" name="explicit-dollar-autofill_2.13.18" time="0.044">
                      
                    </testcase><testcase classname="tests.pc.CompletionArgSuite" name="arg14_2.13.18" time="0.048">
                      
                    </testcase><testcase classname="tests.pc.CompletionArgSuite" name="priority_2.13.18" time="0.044">
                      
                    </testcase><testcase classname="tests.pc.CompletionArgSuite" name="priority-2_2.13.18" time="0.05">
                      
                    </testcase><testcase classname="tests.pc.CompletionArgSuite" name="named-multiple_2.13.18" time="0.045">
                      
                    </testcase><testcase classname="tests.pc.CompletionArgSuite" name="named-backticked_2.13.18" time="0.047">
                      
                    </testcase><testcase classname="tests.pc.CompletionArgSuite" name="auto-no-show_2.13.18" time="0.041">
                      
                    </testcase><testcase classname="tests.pc.CompletionArgSuite" name="auto_2.13.18" time="0.043">
                      
                    </testcase><testcase classname="tests.pc.CompletionArgSuite" name="auto-inheritance_2.13.18" time="0.044">
                      
                    </testcase><testcase classname="tests.pc.CompletionArgSuite" name="auto-multiple-type_2.13.18" time="0.044">
                      
                    </testcase><testcase classname="tests.pc.CompletionArgSuite" name="auto-not-found_2.13.18" time="0.046">
                      
                    </testcase><testcase classname="tests.pc.CompletionArgSuite" name="auto-list_2.13.18" time="0.044">
                      
                    </testcase><testcase classname="tests.pc.CompletionArgSuite" name="wrap-idents_2.13.18" time="0.045">
                      
                    </testcase><testcase classname="tests.pc.CompletionArgSuite" name="nested-apply_2.13.18" time="0.114">
                      
                    </testcase><testcase classname="tests.pc.CompletionArgSuite" name="infix_2.13.18" time="0.042">
                      
                    </testcase><testcase classname="tests.pc.CompletionArgSuite" name="contructor-param_2.13.18" time="0.044">
                      
                    </testcase><testcase classname="tests.pc.CompletionArgSuite" name="contructor-param2_2.13.18" time="0.045">
                      
                    </testcase><testcase classname="tests.pc.CompletionArgSuite" name="context-function-as-param_2.13.18" time="0.0">
                      <skipped/>
                    </testcase><testcase classname="tests.pc.CompletionArgSuite" name="context-function-as-param2_2.13.18" time="0.0">
                      <skipped/>
                    </testcase><testcase classname="tests.pc.CompletionArgSuite" name="context-function-as-param3_2.13.18" time="0.0">
                      <skipped/>
                    </testcase><testcase classname="tests.pc.CompletionArgSuite" name="second-arg-first_2.13.18" time="0.054">
                      
                    </testcase><testcase classname="tests.pc.CompletionArgSuite" name="case-class-apply_2.13.18" time="0.052">
                      
                    </testcase><testcase classname="tests.pc.CompletionArgSuite" name="case-class-apply1_2.13.18" time="0.053">
                      
                    </testcase><testcase classname="tests.pc.CompletionArgSuite" name="case-class-apply2_2.13.18" time="0.054">
                      
                    </testcase><testcase classname="tests.pc.CompletionArgSuite" name="case-class-apply3_2.13.18" time="0.067">
                      
                    </testcase><testcase classname="tests.pc.CompletionArgSuite" name="case-class-apply4_2.13.18" time="0.056">
                      
                    </testcase><testcase classname="tests.pc.CompletionArgSuite" name="case-class-for-comp_2.13.18" time="0.064">
                      
                    </testcase><testcase classname="tests.pc.CompletionArgSuite" name="recursive_2.13.18" time="0.048">
                      
                    </testcase><testcase classname="tests.pc.CompletionArgSuite" name="overloaded_2.13.18" time="0.061">
                      
                    </testcase><testcase classname="tests.pc.CompletionArgSuite" name="overloaded-with-param_2.13.18" time="0.071">
                      
                    </testcase><testcase classname="tests.pc.CompletionArgSuite" name="overloaded-with-named-param_2.13.18" time="0.088">
                      
                    </testcase><testcase classname="tests.pc.CompletionArgSuite" name="overloaded-generic_2.13.18" time="0.078">
                      
                    </testcase><testcase classname="tests.pc.CompletionArgSuite" name="overloaded-methods_2.13.18" time="0.07">
                      
                    </testcase><testcase classname="tests.pc.CompletionArgSuite" name="overloaded-methods2_2.13.18" time="0.0">
                      <skipped/>
                    </testcase><testcase classname="tests.pc.CompletionArgSuite" name="overloaded-select_2.13.18" time="0.054">
                      
                    </testcase><testcase classname="tests.pc.CompletionArgSuite" name="overloaded-in-a-class_2.13.18" time="0.32">
                      
                    </testcase><testcase classname="tests.pc.CompletionArgSuite" name="overloaded-function-param_2.13.18" time="0.0">
                      <skipped/>
                    </testcase><testcase classname="tests.pc.CompletionArgSuite" name="overloaded-function-param2_2.13.18" time="0.0">
                      <skipped/>
                    </testcase><testcase classname="tests.pc.CompletionArgSuite" name="overloaded-applied-type_2.13.18" time="0.0">
                      <skipped/>
                    </testcase><testcase classname="tests.pc.CompletionArgSuite" name="overloaded-bounds_2.13.18" time="0.0">
                      <skipped/>
                    </testcase><testcase classname="tests.pc.CompletionArgSuite" name="overloaded-or-type_2.13.18" time="0.0">
                      <skipped/>
                    </testcase><testcase classname="tests.pc.CompletionArgSuite" name="overloaded-function-param3_2.13.18" time="0.0">
                      <skipped/>
                    </testcase><testcase classname="tests.pc.CompletionArgSuite" name="overloaded-extension-methods_2.13.18" time="0.0">
                      <skipped/>
                    </testcase><testcase classname="tests.pc.CompletionArgSuite" name="lambda_2.13.18" time="0.0">
                      <skipped/>
                    </testcase><testcase classname="tests.pc.CompletionArgSuite" name="lambda2_2.13.18" time="0.0">
                      <skipped/>
                    </testcase><testcase classname="tests.pc.CompletionArgSuite" name="lambda3_2.13.18" time="0.0">
                      <skipped/>
                    </testcase><testcase classname="tests.pc.CompletionArgSuite" name="lambda4_2.13.18" time="0.0">
                      <skipped/>
                    </testcase><testcase classname="tests.pc.CompletionArgSuite" name="lambda5_2.13.18" time="0.0">
                      <skipped/>
                    </testcase><testcase classname="tests.pc.CompletionArgSuite" name="second-first_2.13.18" time="0.066">
                      
                    </testcase><testcase classname="tests.pc.CompletionArgSuite" name="second-first2_2.13.18" time="0.051">
                      
                    </testcase><testcase classname="tests.pc.CompletionArgSuite" name="second-first3_2.13.18" time="0.055">
                      
                    </testcase><testcase classname="tests.pc.CompletionArgSuite" name="second-first4_2.13.18" time="0.0">
                      <skipped/>
                    </testcase><testcase classname="tests.pc.CompletionArgSuite" name="second-first5_2.13.18" time="0.0">
                      <skipped/>
                    </testcase><testcase classname="tests.pc.CompletionArgSuite" name="null-symbol_2.13.18" time="0.028">
                      
                    </testcase><testcase classname="tests.pc.CompletionArgSuite" name="inaccessible-defaults_2.13.18" time="0.102">
                      
                    </testcase><testcase classname="tests.pc.CompletionArgSuite" name="autofill arguments_2.13.18" time="0.053">
                      
                    </testcase>
          <system-out><![CDATA[]]></system-out>
          <system-err><![CDATA[]]></system-err>
        </testsuite>