<?xml version='1.0' encoding='UTF-8'?>
<testsuite hostname="runnervm7b5n9" name="tests.pc.CompletionScaladocSuite" tests="21" errors="0" failures="0" skipped="3" time="1.191" timestamp="2026-06-19T02:24:21">
          <properties>
[...]
</properties>
          <testcase classname="tests.pc.CompletionScaladocSuite" name="methoddef-label_2.13.18" time="0.799">
                      
                    </testcase><testcase classname="tests.pc.CompletionScaladocSuite" name="classdef-label_2.13.18" time="0.023">
                      
                    </testcase><testcase classname="tests.pc.CompletionScaladocSuite" name="no-associated-def-label_2.13.18" time="0.016">
                      
                    </testcase><testcase classname="tests.pc.CompletionScaladocSuite" name="methoddef_2.13.18" time="0.023">
                      
                    </testcase><testcase classname="tests.pc.CompletionScaladocSuite" name="classdef_2.13.18" time="0.016">
                      
                    </testcase><testcase classname="tests.pc.CompletionScaladocSuite" name="valdef_2.13.18" time="0.015">
                      
                    </testcase><testcase classname="tests.pc.CompletionScaladocSuite" name="objectdef_2.13.18" time="0.013">
                      
                    </testcase><testcase classname="tests.pc.CompletionScaladocSuite" name="defdef-nested_2.13.18" time="0.025">
                      
                    </testcase><testcase classname="tests.pc.CompletionScaladocSuite" name="classdef-nested_2.13.18" time="0.04">
                      
                    </testcase><testcase classname="tests.pc.CompletionScaladocSuite" name="trait-classdef-nested_2.13.18" time="0.034">
                      
                    </testcase><testcase classname="tests.pc.CompletionScaladocSuite" name="defdef-no-param-cursor_2.13.18" time="0.018">
                      
                    </testcase><testcase classname="tests.pc.CompletionScaladocSuite" name="defdef-returns-unit_2.13.18" time="0.025">
                      
                    </testcase><testcase classname="tests.pc.CompletionScaladocSuite" name="defdef-returns-inferred-unit_2.13.18" time="0.022">
                      
                    </testcase><testcase classname="tests.pc.CompletionScaladocSuite" name="defdef-evidence_2.13.18" time="0.037">
                      
                    </testcase><testcase classname="tests.pc.CompletionScaladocSuite" name="classdef-evidence_2.13.18" time="0.027">
                      
                    </testcase><testcase classname="tests.pc.CompletionScaladocSuite" name="classdef-curried_2.13.18" time="0.022">
                      
                    </testcase><testcase classname="tests.pc.CompletionScaladocSuite" name="no-associated-def_2.13.18" time="0.016">
                      
                    </testcase><testcase classname="tests.pc.CompletionScaladocSuite" name="extension_2.13.18" time="0.0">
                      <skipped/>
                    </testcase><testcase classname="tests.pc.CompletionScaladocSuite" name="anonymous-given_2.13.18" time="0.0">
                      <skipped/>
                    </testcase><testcase classname="tests.pc.CompletionScaladocSuite" name="named-given_2.13.18" time="0.0">
                      <skipped/>
                    </testcase><testcase classname="tests.pc.CompletionScaladocSuite" name="no-def_2.13.18" time="0.02">
                      
                    </testcase>
          <system-out><![CDATA[]]></system-out>
          <system-err><![CDATA[]]></system-err>
        </testsuite>