<?xml version='1.0' encoding='UTF-8'?>
<testsuite hostname="runnervm7b5n9" name="tests.pc.CompletionInterpolatorSuite" tests="55" errors="0" failures="0" skipped="5" time="3.706" timestamp="2026-06-19T02:23:10">
          <properties>
[...]
</properties>
          <testcase classname="tests.pc.CompletionInterpolatorSuite" name="wrong_2.13.18" time="0.887">
                      
                    </testcase><testcase classname="tests.pc.CompletionInterpolatorSuite" name="wrong2_2.13.18" time="0.023">
                      
                    </testcase><testcase classname="tests.pc.CompletionInterpolatorSuite" name="string_2.13.18" time="0.041">
                      
                    </testcase><testcase classname="tests.pc.CompletionInterpolatorSuite" name="string1_2.13.18" time="0.037">
                      
                    </testcase><testcase classname="tests.pc.CompletionInterpolatorSuite" name="string2_2.13.18" time="0.097">
                      
                    </testcase><testcase classname="tests.pc.CompletionInterpolatorSuite" name="multiline_2.13.18" time="0.048">
                      
                    </testcase><testcase classname="tests.pc.CompletionInterpolatorSuite" name="multiline1_2.13.18" time="0.043">
                      
                    </testcase><testcase classname="tests.pc.CompletionInterpolatorSuite" name="escape_2.13.18" time="0.032">
                      
                    </testcase><testcase classname="tests.pc.CompletionInterpolatorSuite" name="not-escape-twice_2.13.18" time="0.039">
                      
                    </testcase><testcase classname="tests.pc.CompletionInterpolatorSuite" name="escape-ident_2.13.18" time="0.032">
                      
                    </testcase><testcase classname="tests.pc.CompletionInterpolatorSuite" name="interpolator_2.13.18" time="0.042">
                      
                    </testcase><testcase classname="tests.pc.CompletionInterpolatorSuite" name="interpolator-in-object_2.13.18" time="0.06">
                      
                    </testcase><testcase classname="tests.pc.CompletionInterpolatorSuite" name="negative_2.13.18" time="0.029">
                      
                    </testcase><testcase classname="tests.pc.CompletionInterpolatorSuite" name="negative1_2.13.18" time="0.024">
                      
                    </testcase><testcase classname="tests.pc.CompletionInterpolatorSuite" name="negative2_2.13.18" time="0.016">
                      
                    </testcase><testcase classname="tests.pc.CompletionInterpolatorSuite" name="negative3_2.13.18" time="0.015">
                      
                    </testcase><testcase classname="tests.pc.CompletionInterpolatorSuite" name="negative4_2.13.18" time="0.015">
                      
                    </testcase><testcase classname="tests.pc.CompletionInterpolatorSuite" name="negative5_2.13.18" time="0.016">
                      
                    </testcase><testcase classname="tests.pc.CompletionInterpolatorSuite" name="negative6_2.13.18" time="0.015">
                      
                    </testcase><testcase classname="tests.pc.CompletionInterpolatorSuite" name="positive_2.13.18" time="0.039">
                      
                    </testcase><testcase classname="tests.pc.CompletionInterpolatorSuite" name="positive1_2.13.18" time="0.036">
                      
                    </testcase><testcase classname="tests.pc.CompletionInterpolatorSuite" name="snippet_2.13.18" time="0.035">
                      
                    </testcase><testcase classname="tests.pc.CompletionInterpolatorSuite" name="snippet2_2.13.18" time="0.034">
                      
                    </testcase><testcase classname="tests.pc.CompletionInterpolatorSuite" name="snippet3_2.13.18" time="0.035">
                      
                    </testcase><testcase classname="tests.pc.CompletionInterpolatorSuite" name="brace_2.13.18" time="0.037">
                      
                    </testcase><testcase classname="tests.pc.CompletionInterpolatorSuite" name="empty_2.13.18" time="0.325">
                      
                    </testcase><testcase classname="tests.pc.CompletionInterpolatorSuite" name="empty-brace_2.13.18" time="0.239">
                      
                    </testcase><testcase classname="tests.pc.CompletionInterpolatorSuite" name="member_2.13.18" time="0.041">
                      
                    </testcase><testcase classname="tests.pc.CompletionInterpolatorSuite" name="member-label_2.13.18" time="0.049">
                      
                    </testcase><testcase classname="tests.pc.CompletionInterpolatorSuite" name="member1_2.13.18" time="0.039">
                      
                    </testcase><testcase classname="tests.pc.CompletionInterpolatorSuite" name="member2_2.13.18" time="0.038">
                      
                    </testcase><testcase classname="tests.pc.CompletionInterpolatorSuite" name="member3_2.13.18" time="0.052">
                      
                    </testcase><testcase classname="tests.pc.CompletionInterpolatorSuite" name="member-backtick_2.13.18" time="0.035">
                      
                    </testcase><testcase classname="tests.pc.CompletionInterpolatorSuite" name="member-multiple_2.13.18" time="0.042">
                      
                    </testcase><testcase classname="tests.pc.CompletionInterpolatorSuite" name="member-multiple2_2.13.18" time="0.062">
                      
                    </testcase><testcase classname="tests.pc.CompletionInterpolatorSuite" name="member-f_2.13.18" time="0.052">
                      
                    </testcase><testcase classname="tests.pc.CompletionInterpolatorSuite" name="member-raw_2.13.18" time="0.052">
                      
                    </testcase><testcase classname="tests.pc.CompletionInterpolatorSuite" name="member-unknown_2.13.18" time="0.057">
                      
                    </testcase><testcase classname="tests.pc.CompletionInterpolatorSuite" name="member-multiline_2.13.18" time="0.038">
                      
                    </testcase><testcase classname="tests.pc.CompletionInterpolatorSuite" name="closing-brace_2.13.18" time="0.034">
                      
                    </testcase><testcase classname="tests.pc.CompletionInterpolatorSuite" name="closing-brace-negative_2.13.18" time="0.031">
                      
                    </testcase><testcase classname="tests.pc.CompletionInterpolatorSuite" name="existing-interpolator-snippet_2.13.18" time="0.05">
                      
                    </testcase><testcase classname="tests.pc.CompletionInterpolatorSuite" name="token-error_2.13.18" time="0.194">
                      
                    </testcase><testcase classname="tests.pc.CompletionInterpolatorSuite" name="brace-token-error-pos_2.13.18" time="0.174">
                      
                    </testcase><testcase classname="tests.pc.CompletionInterpolatorSuite" name="brace-token-error_2.13.18" time="0.163">
                      
                    </testcase><testcase classname="tests.pc.CompletionInterpolatorSuite" name="backtick_2.13.18" time="0.034">
                      
                    </testcase><testcase classname="tests.pc.CompletionInterpolatorSuite" name="backtick2_2.13.18" time="0.042">
                      
                    </testcase><testcase classname="tests.pc.CompletionInterpolatorSuite" name="auto-imports_2.13.18" time="0.052">
                      
                    </testcase><testcase classname="tests.pc.CompletionInterpolatorSuite" name="auto-imports-prefix_2.13.18" time="0.039">
                      
                    </testcase><testcase classname="tests.pc.CompletionInterpolatorSuite" name="auto-imports-prefix-with-interpolator_2.13.18" time="0.045">
                      
                    </testcase><testcase classname="tests.pc.CompletionInterpolatorSuite" name="extension_2.13.18" time="0.0">
                      <skipped/>
                    </testcase><testcase classname="tests.pc.CompletionInterpolatorSuite" name="extension2_2.13.18" time="0.0">
                      <skipped/>
                    </testcase><testcase classname="tests.pc.CompletionInterpolatorSuite" name="extension3_2.13.18" time="0.0">
                      <skipped/>
                    </testcase><testcase classname="tests.pc.CompletionInterpolatorSuite" name="filter-by-type_2.13.18" time="0.0">
                      <skipped/>
                    </testcase><testcase classname="tests.pc.CompletionInterpolatorSuite" name="apply-method_2.13.18" time="0.0">
                      <skipped/>
                    </testcase>
          <system-out><![CDATA[]]></system-out>
          <system-err><![CDATA[]]></system-err>
        </testsuite>