<?xml version='1.0' encoding='UTF-8'?>
<testsuite hostname="runnervm7b5n9" name="tests.pc.InsertInferredTypeSuite" tests="62" errors="0" failures="0" skipped="7" time="1.871" timestamp="2026-06-19T02:23:13">
          <properties>
[...]
</properties>
          <testcase classname="tests.pc.InsertInferredTypeSuite" name="val_2.13.18" time="1.619">
                      
                    </testcase><testcase classname="tests.pc.InsertInferredTypeSuite" name="wrong-def-params_2.13.18" time="0.011">
                      
                    </testcase><testcase classname="tests.pc.InsertInferredTypeSuite" name="wrong-val_2.13.18" time="0.005">
                      
                    </testcase><testcase classname="tests.pc.InsertInferredTypeSuite" name="wrong-val2_2.13.18" time="0.013">
                      
                    </testcase><testcase classname="tests.pc.InsertInferredTypeSuite" name="wrong-val3_2.13.18" time="0.008">
                      
                    </testcase><testcase classname="tests.pc.InsertInferredTypeSuite" name="wrong-val4_2.13.18" time="0.006">
                      
                    </testcase><testcase classname="tests.pc.InsertInferredTypeSuite" name="wrong-def_2.13.18" time="0.004">
                      
                    </testcase><testcase classname="tests.pc.InsertInferredTypeSuite" name="wrong-def2_2.13.18" time="0.003">
                      
                    </testcase><testcase classname="tests.pc.InsertInferredTypeSuite" name="wrong-def3_2.13.18" time="0.002">
                      
                    </testcase><testcase classname="tests.pc.InsertInferredTypeSuite" name="wrong-def4_2.13.18" time="0.005">
                      
                    </testcase><testcase classname="tests.pc.InsertInferredTypeSuite" name="wrong-def-toplevel_2.13.18" time="0.0">
                      <skipped/>
                    </testcase><testcase classname="tests.pc.InsertInferredTypeSuite" name="toplevel_2.13.18" time="0.0">
                      <skipped/>
                    </testcase><testcase classname="tests.pc.InsertInferredTypeSuite" name="tuple_2.13.18" time="0.005">
                      
                    </testcase><testcase classname="tests.pc.InsertInferredTypeSuite" name="tuple-inner_2.13.18" time="0.003">
                      
                    </testcase><testcase classname="tests.pc.InsertInferredTypeSuite" name="tuple-var_2.13.18" time="0.004">
                      
                    </testcase><testcase classname="tests.pc.InsertInferredTypeSuite" name="var_2.13.18" time="0.003">
                      
                    </testcase><testcase classname="tests.pc.InsertInferredTypeSuite" name="def_2.13.18" time="0.003">
                      
                    </testcase><testcase classname="tests.pc.InsertInferredTypeSuite" name="def-comment_2.13.18" time="0.002">
                      
                    </testcase><testcase classname="tests.pc.InsertInferredTypeSuite" name="def-comment-param_2.13.18" time="0.001">
                      
                    </testcase><testcase classname="tests.pc.InsertInferredTypeSuite" name="def-param_2.13.18" time="0.002">
                      
                    </testcase><testcase classname="tests.pc.InsertInferredTypeSuite" name="def-type-param_2.13.18" time="0.001">
                      
                    </testcase><testcase classname="tests.pc.InsertInferredTypeSuite" name="auto-import_2.13.18" time="0.005">
                      
                    </testcase><testcase classname="tests.pc.InsertInferredTypeSuite" name="lambda_2.13.18" time="0.005">
                      
                    </testcase><testcase classname="tests.pc.InsertInferredTypeSuite" name="lambda-existing-brace_2.13.18" time="0.003">
                      
                    </testcase><testcase classname="tests.pc.InsertInferredTypeSuite" name="lambda-brace_2.13.18" time="0.003">
                      
                    </testcase><testcase classname="tests.pc.InsertInferredTypeSuite" name="lambda-tuple_2.13.18" time="0.0">
                      <skipped/>
                    </testcase><testcase classname="tests.pc.InsertInferredTypeSuite" name="pattern-match-paren_2.13.18" time="0.005">
                      
                    </testcase><testcase classname="tests.pc.InsertInferredTypeSuite" name="pattern-match-tuple_2.13.18" time="0.004">
                      
                    </testcase><testcase classname="tests.pc.InsertInferredTypeSuite" name="pattern-match-option_2.13.18" time="0.002">
                      
                    </testcase><testcase classname="tests.pc.InsertInferredTypeSuite" name="pattern-match-list_2.13.18" time="0.004">
                      
                    </testcase><testcase classname="tests.pc.InsertInferredTypeSuite" name="pattern-match_2.13.18" time="0.002">
                      
                    </testcase><testcase classname="tests.pc.InsertInferredTypeSuite" name="for-comprehension_2.13.18" time="0.008">
                      
                    </testcase><testcase classname="tests.pc.InsertInferredTypeSuite" name="for-comprehension_2.13.18-1" time="0.006">
                      
                    </testcase><testcase classname="tests.pc.InsertInferredTypeSuite" name="higher-kinded-types_2.13.18" time="0.009">
                      
                    </testcase><testcase classname="tests.pc.InsertInferredTypeSuite" name="path_2.13.18" time="0.006">
                      
                    </testcase><testcase classname="tests.pc.InsertInferredTypeSuite" name="renamed_2.13.18" time="0.002">
                      
                    </testcase><testcase classname="tests.pc.InsertInferredTypeSuite" name="renamed-package_2.13.18" time="0.002">
                      
                    </testcase><testcase classname="tests.pc.InsertInferredTypeSuite" name="renamed-package-long_2.13.18" time="0.003">
                      
                    </testcase><testcase classname="tests.pc.InsertInferredTypeSuite" name="error_2.13.18" time="0.016">
                      
                    </testcase><testcase classname="tests.pc.InsertInferredTypeSuite" name="either_2.13.18" time="0.006">
                      
                    </testcase><testcase classname="tests.pc.InsertInferredTypeSuite" name="backticks-1_2.13.18" time="0.002">
                      
                    </testcase><testcase classname="tests.pc.InsertInferredTypeSuite" name="backticks-2_2.13.18" time="0.002">
                      
                    </testcase><testcase classname="tests.pc.InsertInferredTypeSuite" name="backticks-3_2.13.18" time="0.003">
                      
                    </testcase><testcase classname="tests.pc.InsertInferredTypeSuite" name="backticks-4_2.13.18" time="0.002">
                      
                    </testcase><testcase classname="tests.pc.InsertInferredTypeSuite" name="backticks-5_2.13.18" time="0.001">
                      
                    </testcase><testcase classname="tests.pc.InsertInferredTypeSuite" name="backticks-6_2.13.18" time="0.004">
                      
                    </testcase><testcase classname="tests.pc.InsertInferredTypeSuite" name="literal-types1_2.13.18" time="0.003">
                      
                    </testcase><testcase classname="tests.pc.InsertInferredTypeSuite" name="refined-types_2.13.18" time="0.004">
                      
                    </testcase><testcase classname="tests.pc.InsertInferredTypeSuite" name="refined-types2_2.13.18" time="0.003">
                      
                    </testcase><testcase classname="tests.pc.InsertInferredTypeSuite" name="refined-types3_2.13.18" time="0.004">
                      
                    </testcase><testcase classname="tests.pc.InsertInferredTypeSuite" name="refined-types4_2.13.18" time="0.0">
                      <skipped/>
                    </testcase><testcase classname="tests.pc.InsertInferredTypeSuite" name="dealias_2.13.18" time="0.002">
                      
                    </testcase><testcase classname="tests.pc.InsertInferredTypeSuite" name="dealias2_2.13.18" time="0.002">
                      
                    </testcase><testcase classname="tests.pc.InsertInferredTypeSuite" name="dealias3_2.13.18" time="0.0">
                      <skipped/>
                    </testcase><testcase classname="tests.pc.InsertInferredTypeSuite" name="dealias4_2.13.18" time="0.0">
                      <skipped/>
                    </testcase><testcase classname="tests.pc.InsertInferredTypeSuite" name="dealias5_2.13.18" time="0.0">
                      <skipped/>
                    </testcase><testcase classname="tests.pc.InsertInferredTypeSuite" name="backticks-4_2.13.18-1" time="0.01">
                      
                    </testcase><testcase classname="tests.pc.InsertInferredTypeSuite" name="backticks-5_2.13.18-1" time="0.01">
                      
                    </testcase><testcase classname="tests.pc.InsertInferredTypeSuite" name="backticks-6_2.13.18-1" time="0.011">
                      
                    </testcase><testcase classname="tests.pc.InsertInferredTypeSuite" name="backticks-7_2.13.18" time="0.011">
                      
                    </testcase><testcase classname="tests.pc.InsertInferredTypeSuite" name="tuple1_2.13.18" time="0.003">
                      
                    </testcase><testcase classname="tests.pc.InsertInferredTypeSuite" name="rename-import_2.13.18" time="0.003">
                      
                    </testcase>
          <system-out><![CDATA[]]></system-out>
          <system-err><![CDATA[]]></system-err>
        </testsuite>