<?xml version='1.0' encoding='UTF-8'?>
<testsuite hostname="runnervm7b5n9" name="tests.pc.CompletionExtensionMethodSuite" tests="28" errors="0" failures="0" skipped="13" time="1.471" timestamp="2026-06-19T02:24:08">
          <properties>
[...]
</properties>
          <testcase classname="tests.pc.CompletionExtensionMethodSuite" name="simple_2.13.18" time="0.0">
                      <skipped/>
                    </testcase><testcase classname="tests.pc.CompletionExtensionMethodSuite" name="simple-old-syntax_2.13.18" time="0.798">
                      
                    </testcase><testcase classname="tests.pc.CompletionExtensionMethodSuite" name="simple2_2.13.18" time="0.0">
                      <skipped/>
                    </testcase><testcase classname="tests.pc.CompletionExtensionMethodSuite" name="simple2-old-syntax_2.13.18" time="0.058">
                      
                    </testcase><testcase classname="tests.pc.CompletionExtensionMethodSuite" name="simple-empty_2.13.18" time="0.0">
                      <skipped/>
                    </testcase><testcase classname="tests.pc.CompletionExtensionMethodSuite" name="simple-empty-old_2.13.18" time="0.093">
                      
                    </testcase><testcase classname="tests.pc.CompletionExtensionMethodSuite" name="filter-by-type_2.13.18" time="0.0">
                      <skipped/>
                    </testcase><testcase classname="tests.pc.CompletionExtensionMethodSuite" name="filter-by-type-old_2.13.18" time="0.053">
                      
                    </testcase><testcase classname="tests.pc.CompletionExtensionMethodSuite" name="filter-by-type-subtype_2.13.18" time="0.0">
                      <skipped/>
                    </testcase><testcase classname="tests.pc.CompletionExtensionMethodSuite" name="filter-by-type-subtype-old_2.13.18" time="0.033">
                      
                    </testcase><testcase classname="tests.pc.CompletionExtensionMethodSuite" name="simple-edit_2.13.18" time="0.0">
                      <skipped/>
                    </testcase><testcase classname="tests.pc.CompletionExtensionMethodSuite" name="simple-edit-old_2.13.18" time="0.046">
                      
                    </testcase><testcase classname="tests.pc.CompletionExtensionMethodSuite" name="simple-edit-suffix_2.13.18" time="0.0">
                      <skipped/>
                    </testcase><testcase classname="tests.pc.CompletionExtensionMethodSuite" name="name-conflict_2.13.18" time="0.0">
                      <skipped/>
                    </testcase><testcase classname="tests.pc.CompletionExtensionMethodSuite" name="simple-edit-suffix-old_2.13.18" time="0.052">
                      
                    </testcase><testcase classname="tests.pc.CompletionExtensionMethodSuite" name="directly-in-pkg1_2.13.18" time="0.0">
                      <skipped/>
                    </testcase><testcase classname="tests.pc.CompletionExtensionMethodSuite" name="directly-in-pkg1-old_2.13.18" time="0.0">
                      <skipped/>
                    </testcase><testcase classname="tests.pc.CompletionExtensionMethodSuite" name="directly-in-pkg2_2.13.18" time="0.0">
                      <skipped/>
                    </testcase><testcase classname="tests.pc.CompletionExtensionMethodSuite" name="directly-in-pkg2-old_2.13.18" time="0.045">
                      
                    </testcase><testcase classname="tests.pc.CompletionExtensionMethodSuite" name="directly-in-pkg3_2.13.18" time="0.0">
                      <skipped/>
                    </testcase><testcase classname="tests.pc.CompletionExtensionMethodSuite" name="directly-in-pkg3-old_2.13.18" time="0.044">
                      
                    </testcase><testcase classname="tests.pc.CompletionExtensionMethodSuite" name="nested-pkg_2.13.18" time="0.0">
                      <skipped/>
                    </testcase><testcase classname="tests.pc.CompletionExtensionMethodSuite" name="nested-pkg-old_2.13.18" time="0.035">
                      
                    </testcase><testcase classname="tests.pc.CompletionExtensionMethodSuite" name="implicit-val-var_2.13.18" time="0.034">
                      
                    </testcase><testcase classname="tests.pc.CompletionExtensionMethodSuite" name="implicit-val-edit_2.13.18" time="0.032">
                      
                    </testcase><testcase classname="tests.pc.CompletionExtensionMethodSuite" name="complex-type-old_2.13.18" time="0.06">
                      
                    </testcase><testcase classname="tests.pc.CompletionExtensionMethodSuite" name="complex-type-old2_2.13.18" time="0.053">
                      
                    </testcase><testcase classname="tests.pc.CompletionExtensionMethodSuite" name="complex-type-old3_2.13.18" time="0.035">
                      
                    </testcase>
          <system-out><![CDATA[]]></system-out>
          <system-err><![CDATA[]]></system-err>
        </testsuite>