<?xml version='1.0' encoding='UTF-8'?>
<testsuite hostname="runnervm7b5n9" name="tests.pc.CompletionSuite" tests="115" errors="0" failures="0" skipped="9" time="8.078" timestamp="2026-06-19T02:24:04">
          <properties>
[...]
</properties>
          <testcase classname="tests.pc.CompletionSuite" name="scope_2.13.18" time="1.074">
                      
                    </testcase><testcase classname="tests.pc.CompletionSuite" name="member_2.13.18" time="0.043">
                      
                    </testcase><testcase classname="tests.pc.CompletionSuite" name="extension_2.13.18" time="0.049">
                      
                    </testcase><testcase classname="tests.pc.CompletionSuite" name="tparam_2.13.18" time="0.035">
                      
                    </testcase><testcase classname="tests.pc.CompletionSuite" name="tparam1_2.13.18" time="0.04">
                      
                    </testcase><testcase classname="tests.pc.CompletionSuite" name="tparam2_2.13.18" time="0.05">
                      
                    </testcase><testcase classname="tests.pc.CompletionSuite" name="cursor_2.13.18" time="0.068">
                      
                    </testcase><testcase classname="tests.pc.CompletionSuite" name="dot_2.13.18" time="0.057">
                      
                    </testcase><testcase classname="tests.pc.CompletionSuite" name="implicit-class_2.13.18" time="0.04">
                      
                    </testcase><testcase classname="tests.pc.CompletionSuite" name="fuzzy_2.13.18" time="0.036">
                      
                    </testcase><testcase classname="tests.pc.CompletionSuite" name="fuzzy1_2.13.18" time="0.12">
                      
                    </testcase><testcase classname="tests.pc.CompletionSuite" name="companion_2.13.18" time="0.038">
                      
                    </testcase><testcase classname="tests.pc.CompletionSuite" name="pkg_2.13.18" time="0.034">
                      
                    </testcase><testcase classname="tests.pc.CompletionSuite" name="import-star-basic_2.13.18" time="0.036">
                      
                    </testcase><testcase classname="tests.pc.CompletionSuite" name="import-star-multi-import_2.13.18" time="0.026">
                      
                    </testcase><testcase classname="tests.pc.CompletionSuite" name="import_2.13.18" time="0.046">
                      
                    </testcase><testcase classname="tests.pc.CompletionSuite" name="import1_2.13.18" time="0.04">
                      
                    </testcase><testcase classname="tests.pc.CompletionSuite" name="import2_2.13.18" time="0.034">
                      
                    </testcase><testcase classname="tests.pc.CompletionSuite" name="import3_2.13.18" time="0.169">
                      
                    </testcase><testcase classname="tests.pc.CompletionSuite" name="import4_2.13.18" time="0.029">
                      
                    </testcase><testcase classname="tests.pc.CompletionSuite" name="accessible_2.13.18" time="0.16">
                      
                    </testcase><testcase classname="tests.pc.CompletionSuite" name="source_2.13.18" time="0.038">
                      
                    </testcase><testcase classname="tests.pc.CompletionSuite" name="duplicate_2.13.18" time="0.036">
                      
                    </testcase><testcase classname="tests.pc.CompletionSuite" name="duplicate2_2.13.18" time="0.175">
                      
                    </testcase><testcase classname="tests.pc.CompletionSuite" name="commit_2.13.18" time="0.039">
                      
                    </testcase><testcase classname="tests.pc.CompletionSuite" name="commit1_2.13.18" time="0.051">
                      
                    </testcase><testcase classname="tests.pc.CompletionSuite" name="numeric-sort_2.13.18" time="0.189">
                      
                    </testcase><testcase classname="tests.pc.CompletionSuite" name="sam_2.13.18" time="0.121">
                      
                    </testcase><testcase classname="tests.pc.CompletionSuite" name="implicit_2.13.18" time="0.025">
                      
                    </testcase><testcase classname="tests.pc.CompletionSuite" name="implicit-evidence-many_2.13.18" time="0.026">
                      
                    </testcase><testcase classname="tests.pc.CompletionSuite" name="bounds_2.13.18" time="0.025">
                      
                    </testcase><testcase classname="tests.pc.CompletionSuite" name="local_2.13.18" time="0.034">
                      
                    </testcase><testcase classname="tests.pc.CompletionSuite" name="local1_2.13.18" time="0.039">
                      
                    </testcase><testcase classname="tests.pc.CompletionSuite" name="local2_2.13.18" time="0.034">
                      
                    </testcase><testcase classname="tests.pc.CompletionSuite" name="singleton_2.13.18" time="0.036">
                      
                    </testcase><testcase classname="tests.pc.CompletionSuite" name="deprecated_2.13.18" time="0.033">
                      
                    </testcase><testcase classname="tests.pc.CompletionSuite" name="dynamic_2.13.18" time="0.027">
                      
                    </testcase><testcase classname="tests.pc.CompletionSuite" name="dynamic2_2.13.18" time="0.031">
                      
                    </testcase><testcase classname="tests.pc.CompletionSuite" name="dynamic3_2.13.18" time="0.032">
                      
                    </testcase><testcase classname="tests.pc.CompletionSuite" name="dynamic4_2.13.18" time="0.033">
                      
                    </testcase><testcase classname="tests.pc.CompletionSuite" name="dynamic5_2.13.18" time="0.03">
                      
                    </testcase><testcase classname="tests.pc.CompletionSuite" name="type_2.13.18" time="0.036">
                      
                    </testcase><testcase classname="tests.pc.CompletionSuite" name="type1_2.13.18" time="0.034">
                      
                    </testcase><testcase classname="tests.pc.CompletionSuite" name="type2_2.13.18" time="0.044">
                      
                    </testcase><testcase classname="tests.pc.CompletionSuite" name="pat_2.13.18" time="0.05">
                      
                    </testcase><testcase classname="tests.pc.CompletionSuite" name="pat1_2.13.18" time="0.062">
                      
                    </testcase><testcase classname="tests.pc.CompletionSuite" name="adt_2.13.18" time="0.07">
                      
                    </testcase><testcase classname="tests.pc.CompletionSuite" name="adt1_2.13.18" time="0.338">
                      
                    </testcase><testcase classname="tests.pc.CompletionSuite" name="adt2_2.13.18" time="0.048">
                      
                    </testcase><testcase classname="tests.pc.CompletionSuite" name="adt3_2.13.18" time="0.16">
                      
                    </testcase><testcase classname="tests.pc.CompletionSuite" name="adt4_2.13.18" time="0.152">
                      
                    </testcase><testcase classname="tests.pc.CompletionSuite" name="no-methods-on-case-type_2.13.18" time="0.049">
                      
                    </testcase><testcase classname="tests.pc.CompletionSuite" name="underscore_2.13.18" time="0.038">
                      
                    </testcase><testcase classname="tests.pc.CompletionSuite" name="filterText_2.13.18" time="0.036">
                      
                    </testcase><testcase classname="tests.pc.CompletionSuite" name="error_2.13.18" time="0.038">
                      
                    </testcase><testcase classname="tests.pc.CompletionSuite" name="sort_2.13.18" time="0.038">
                      
                    </testcase><testcase classname="tests.pc.CompletionSuite" name="fuzzy-member_2.13.18" time="0.022">
                      
                    </testcase><testcase classname="tests.pc.CompletionSuite" name="fuzzy-member-sort_2.13.18" time="0.025">
                      
                    </testcase><testcase classname="tests.pc.CompletionSuite" name="fields-first_2.13.18" time="0.023">
                      
                    </testcase><testcase classname="tests.pc.CompletionSuite" name="using_2.13.18" time="0.0">
                      <skipped/>
                    </testcase><testcase classname="tests.pc.CompletionSuite" name="annon-context_2.13.18" time="0.0">
                      <skipped/>
                    </testcase><testcase classname="tests.pc.CompletionSuite" name="ordering-1_2.13.18" time="0.026">
                      
                    </testcase><testcase classname="tests.pc.CompletionSuite" name="ordering-2_2.13.18" time="0.242">
                      
                    </testcase><testcase classname="tests.pc.CompletionSuite" name="ordering-3_2.13.18" time="0.024">
                      
                    </testcase><testcase classname="tests.pc.CompletionSuite" name="ordering-4_2.13.18" time="0.036">
                      
                    </testcase><testcase classname="tests.pc.CompletionSuite" name="newline-dot_2.13.18" time="0.048">
                      
                    </testcase><testcase classname="tests.pc.CompletionSuite" name="dot-error-tree-edit_2.13.18" time="0.184">
                      
                    </testcase><testcase classname="tests.pc.CompletionSuite" name="select-ignores-next-line_2.13.18" time="0.063">
                      
                    </testcase><testcase classname="tests.pc.CompletionSuite" name="empty-template-braces_2.13.18" time="0.825">
                      
                    </testcase><testcase classname="tests.pc.CompletionSuite" name="empty-template-optional-braces1_2.13.18" time="0.0">
                      <skipped/>
                    </testcase><testcase classname="tests.pc.CompletionSuite" name="empty-line-optional-braces2_2.13.18" time="0.0">
                      <skipped/>
                    </testcase><testcase classname="tests.pc.CompletionSuite" name="empty-line-optional-braces3_2.13.18" time="0.0">
                      <skipped/>
                    </testcase><testcase classname="tests.pc.CompletionSuite" name="tab-indented_2.13.18" time="0.09">
                      
                    </testcase><testcase classname="tests.pc.CompletionSuite" name="no-completions_2.13.18" time="0.019">
                      
                    </testcase><testcase classname="tests.pc.CompletionSuite" name="pkg_2.13.18-1" time="0.039">
                      
                    </testcase><testcase classname="tests.pc.CompletionSuite" name="pkg-typed_2.13.18" time="0.039">
                      
                    </testcase><testcase classname="tests.pc.CompletionSuite" name="pkg-new_2.13.18" time="0.038">
                      
                    </testcase><testcase classname="tests.pc.CompletionSuite" name="pkg-scala_2.13.18" time="0.057">
                      
                    </testcase><testcase classname="tests.pc.CompletionSuite" name="class-members-trait-issue_2.13.18" time="0.052">
                      
                    </testcase><testcase classname="tests.pc.CompletionSuite" name="object-at-type-pos_2.13.18" time="0.427">
                      
                    </testcase><testcase classname="tests.pc.CompletionSuite" name="wildcard-param_2.13.18" time="0.107">
                      
                    </testcase><testcase classname="tests.pc.CompletionSuite" name="no-params-method_2.13.18" time="0.034">
                      
                    </testcase><testcase classname="tests.pc.CompletionSuite" name="backtick-type_2.13.18" time="0.038">
                      
                    </testcase><testcase classname="tests.pc.CompletionSuite" name="for-comprehension_2.13.18" time="0.033">
                      
                    </testcase><testcase classname="tests.pc.CompletionSuite" name="for-comprehension2_2.13.18" time="0.056">
                      
                    </testcase><testcase classname="tests.pc.CompletionSuite" name="type-with-params_2.13.18" time="0.052">
                      
                    </testcase><testcase classname="tests.pc.CompletionSuite" name="type-with-params-with-detail_2.13.18" time="0.052">
                      
                    </testcase><testcase classname="tests.pc.CompletionSuite" name="type-lambda_2.13.18" time="0.0">
                      <skipped/>
                    </testcase><testcase classname="tests.pc.CompletionSuite" name="type-lambda2_2.13.18" time="0.0">
                      <skipped/>
                    </testcase><testcase classname="tests.pc.CompletionSuite" name="type-lambda2-with-detail_2.13.18" time="0.0">
                      <skipped/>
                    </testcase><testcase classname="tests.pc.CompletionSuite" name="type-bound_2.13.18" time="0.034">
                      
                    </testcase><testcase classname="tests.pc.CompletionSuite" name="class-with-params_2.13.18" time="0.037">
                      
                    </testcase><testcase classname="tests.pc.CompletionSuite" name="no-square-brackets_2.13.18" time="0.0">
                      <skipped/>
                    </testcase><testcase classname="tests.pc.CompletionSuite" name="multiline-comment_2.13.18" time="0.015">
                      
                    </testcase><testcase classname="tests.pc.CompletionSuite" name="prepend-instead-of-replace_2.13.18" time="0.035">
                      
                    </testcase><testcase classname="tests.pc.CompletionSuite" name="prepend-instead-of-replace-duplicate-word_2.13.18" time="0.033">
                      
                    </testcase><testcase classname="tests.pc.CompletionSuite" name="replace-when-inside_2.13.18" time="0.034">
                      
                    </testcase><testcase classname="tests.pc.CompletionSuite" name="replace-exact-same_2.13.18" time="0.033">
                      
                    </testcase><testcase classname="tests.pc.CompletionSuite" name="multi-imports_2.13.18" time="0.037">
                      
                    </testcase><testcase classname="tests.pc.CompletionSuite" name="multi-imports-empty-query_2.13.18" time="0.049">
                      
                    </testcase><testcase classname="tests.pc.CompletionSuite" name="import-rename_2.13.18" time="0.028">
                      
                    </testcase><testcase classname="tests.pc.CompletionSuite" name="infer-correct-start_2.13.18" time="0.015">
                      
                    </testcase><testcase classname="tests.pc.CompletionSuite" name="implicit-class-owner-must-be-static_2.13.18" time="0.034">
                      
                    </testcase><testcase classname="tests.pc.CompletionSuite" name="private-def-should-not-be-suggested_2.13.18" time="0.134">
                      
                    </testcase><testcase classname="tests.pc.CompletionSuite" name="conflict_2.13.18" time="0.036">
                      
                    </testcase><testcase classname="tests.pc.CompletionSuite" name="conflict-2_2.13.18" time="0.039">
                      
                    </testcase><testcase classname="tests.pc.CompletionSuite" name="conflict-3_2.13.18" time="0.047">
                      
                    </testcase><testcase classname="tests.pc.CompletionSuite" name="conflict-edit_2.13.18" time="0.04">
                      
                    </testcase><testcase classname="tests.pc.CompletionSuite" name="def-arg_2.13.18" time="0.014">
                      
                    </testcase><testcase classname="tests.pc.CompletionSuite" name="conflict-edit-2_2.13.18" time="0.034">
                      
                    </testcase><testcase classname="tests.pc.CompletionSuite" name="overloaded-no-prefix_2.13.18" time="0.036">
                      
                    </testcase><testcase classname="tests.pc.CompletionSuite" name="add-backticks-around-identifier_2.13.18" time="0.036">
                      
                    </testcase><testcase classname="tests.pc.CompletionSuite" name="complete-inside-backticks_2.13.18" time="0.038">
                      
                    </testcase><testcase classname="tests.pc.CompletionSuite" name="complete-inside-backticks-after-space_2.13.18" time="0.037">
                      
                    </testcase><testcase classname="tests.pc.CompletionSuite" name="complete-inside-empty-backticks_2.13.18" time="0.081">
                      
                    </testcase>
          <system-out><![CDATA[]]></system-out>
          <system-err><![CDATA[]]></system-err>
        </testsuite>