<?xml version='1.0' encoding='UTF-8'?>
<testsuite hostname="runnervm7b5n9" name="tests.pc.InlayHintsSuite" tests="67" errors="0" failures="0" skipped="1" time="1.615" timestamp="2026-06-19T02:24:13">
          <properties>
[...]
</properties>
          <testcase classname="tests.pc.InlayHintsSuite" name="single-chain-same-line_2.13.18" time="1.128">
                      
                    </testcase><testcase classname="tests.pc.InlayHintsSuite" name="multi-chain-same-line_2.13.18" time="0.002">
                      
                    </testcase><testcase classname="tests.pc.InlayHintsSuite" name="single-chain-new-line_2.13.18" time="0.006">
                      
                    </testcase><testcase classname="tests.pc.InlayHintsSuite" name="simple-chain_2.13.18" time="0.009">
                      
                    </testcase><testcase classname="tests.pc.InlayHintsSuite" name="long-chain_2.13.18" time="0.01">
                      
                    </testcase><testcase classname="tests.pc.InlayHintsSuite" name="long-chain-same-line_2.13.18" time="0.004">
                      
                    </testcase><testcase classname="tests.pc.InlayHintsSuite" name="tikka masala (curried)_2.13.18" time="0.01">
                      
                    </testcase><testcase classname="tests.pc.InlayHintsSuite" name="for comprehension_2.13.18" time="0.014">
                      
                    </testcase><testcase classname="tests.pc.InlayHintsSuite" name="local_2.13.18" time="0.01">
                      
                    </testcase><testcase classname="tests.pc.InlayHintsSuite" name="type-params_2.13.18" time="0.015">
                      
                    </testcase><testcase classname="tests.pc.InlayHintsSuite" name="type-params2_2.13.18" time="0.006">
                      
                    </testcase><testcase classname="tests.pc.InlayHintsSuite" name="implicit-param_2.13.18" time="0.018">
                      
                    </testcase><testcase classname="tests.pc.InlayHintsSuite" name="implicit-conversion_2.13.18" time="0.017">
                      
                    </testcase><testcase classname="tests.pc.InlayHintsSuite" name="basic_2.13.18" time="0.004">
                      
                    </testcase><testcase classname="tests.pc.InlayHintsSuite" name="list_2.13.18" time="0.002">
                      
                    </testcase><testcase classname="tests.pc.InlayHintsSuite" name="list2_2.13.18" time="0.003">
                      
                    </testcase><testcase classname="tests.pc.InlayHintsSuite" name="two-param_2.13.18" time="0.002">
                      
                    </testcase><testcase classname="tests.pc.InlayHintsSuite" name="tuple_2.13.18" time="0.002">
                      
                    </testcase><testcase classname="tests.pc.InlayHintsSuite" name="import-needed_2.13.18" time="0.002">
                      
                    </testcase><testcase classname="tests.pc.InlayHintsSuite" name="lambda-type_2.13.18" time="0.003">
                      
                    </testcase><testcase classname="tests.pc.InlayHintsSuite" name="block_2.13.18" time="0.007">
                      
                    </testcase><testcase classname="tests.pc.InlayHintsSuite" name="refined-types_2.13.18" time="0.004">
                      
                    </testcase><testcase classname="tests.pc.InlayHintsSuite" name="refined-types2_2.13.18" time="0.004">
                      
                    </testcase><testcase classname="tests.pc.InlayHintsSuite" name="dealias_2.13.18" time="0.005">
                      
                    </testcase><testcase classname="tests.pc.InlayHintsSuite" name="dealias2_2.13.18" time="0.002">
                      
                    </testcase><testcase classname="tests.pc.InlayHintsSuite" name="explicit-tuple_2.13.18" time="0.002">
                      
                    </testcase><testcase classname="tests.pc.InlayHintsSuite" name="explicit-tuple1_2.13.18" time="0.002">
                      
                    </testcase><testcase classname="tests.pc.InlayHintsSuite" name="tuple-unapply_2.13.18" time="0.016">
                      
                    </testcase><testcase classname="tests.pc.InlayHintsSuite" name="list-unapply_2.13.18" time="0.005">
                      
                    </testcase><testcase classname="tests.pc.InlayHintsSuite" name="list-match_2.13.18" time="0.004">
                      
                    </testcase><testcase classname="tests.pc.InlayHintsSuite" name="case-class-unapply_2.13.18" time="0.018">
                      
                    </testcase><testcase classname="tests.pc.InlayHintsSuite" name="valueOf_2.13.18" time="0.004">
                      
                    </testcase><testcase classname="tests.pc.InlayHintsSuite" name="case-class1_2.13.18" time="0.008">
                      
                    </testcase><testcase classname="tests.pc.InlayHintsSuite" name="ord_2.13.18" time="0.015">
                      
                    </testcase><testcase classname="tests.pc.InlayHintsSuite" name="partial-fun_2.13.18" time="0.013">
                      
                    </testcase><testcase classname="tests.pc.InlayHintsSuite" name="val-def-with-bind_2.13.18" time="0.004">
                      
                    </testcase><testcase classname="tests.pc.InlayHintsSuite" name="val-def-with-bind-and-comment_2.13.18" time="0.004">
                      
                    </testcase><testcase classname="tests.pc.InlayHintsSuite" name="complex_2.13.18" time="0.013">
                      
                    </testcase><testcase classname="tests.pc.InlayHintsSuite" name="import-rename_2.13.18" time="0.007">
                      
                    </testcase><testcase classname="tests.pc.InlayHintsSuite" name="error-symbol_2.13.18" time="0.006">
                      
                    </testcase><testcase classname="tests.pc.InlayHintsSuite" name="context-bounds2_2.13.18" time="0.003">
                      
                    </testcase><testcase classname="tests.pc.InlayHintsSuite" name="context-bounds4_2.13.18" time="0.003">
                      
                    </testcase><testcase classname="tests.pc.InlayHintsSuite" name="pattern-match_2.13.18" time="0.011">
                      
                    </testcase><testcase classname="tests.pc.InlayHintsSuite" name="pattern-match1_2.13.18" time="0.005">
                      
                    </testcase><testcase classname="tests.pc.InlayHintsSuite" name="apply-param_2.13.18" time="0.0">
                      <skipped/>
                    </testcase><testcase classname="tests.pc.InlayHintsSuite" name="multiple-params-list_2.13.18" time="0.01">
                      
                    </testcase><testcase classname="tests.pc.InlayHintsSuite" name="implicit-chain_2.13.18" time="0.009">
                      
                    </testcase><testcase classname="tests.pc.InlayHintsSuite" name="implicit-parameterless-def_2.13.18" time="0.006">
                      
                    </testcase><testcase classname="tests.pc.InlayHintsSuite" name="implicit-fn_2.13.18" time="0.007">
                      
                    </testcase><testcase classname="tests.pc.InlayHintsSuite" name="implicit-fn2_2.13.18" time="0.004">
                      
                    </testcase><testcase classname="tests.pc.InlayHintsSuite" name="implicit-fn-shapeless_2.13.18" time="0.067">
                      
                    </testcase><testcase classname="tests.pc.InlayHintsSuite" name="strip-margin_2.13.18" time="0.005">
                      
                    </testcase><testcase classname="tests.pc.InlayHintsSuite" name="by-name-regular_2.13.18" time="0.002">
                      
                    </testcase><testcase classname="tests.pc.InlayHintsSuite" name="by-name-regular-named_2.13.18" time="0.002">
                      
                    </testcase><testcase classname="tests.pc.InlayHintsSuite" name="by-name-block_2.13.18" time="0.011">
                      
                    </testcase><testcase classname="tests.pc.InlayHintsSuite" name="closing-labels-1_2.13.18" time="0.002">
                      
                    </testcase><testcase classname="tests.pc.InlayHintsSuite" name="closing-labels-weird-formatting_2.13.18" time="0.003">
                      
                    </testcase><testcase classname="tests.pc.InlayHintsSuite" name="closing-labels-weird-formatting_2.13.18-1" time="0.002">
                      
                    </testcase><testcase classname="tests.pc.InlayHintsSuite" name="by-name-block-named_2.13.18" time="0.007">
                      
                    </testcase><testcase classname="tests.pc.InlayHintsSuite" name="by-name-default-arguments_2.13.18" time="0.005">
                      
                    </testcase><testcase classname="tests.pc.InlayHintsSuite" name="by-name-default-arguments2_2.13.18" time="0.004">
                      
                    </testcase><testcase classname="tests.pc.InlayHintsSuite" name="multi-argument_2.13.18" time="0.008">
                      
                    </testcase><testcase classname="tests.pc.InlayHintsSuite" name="no-setter-arg_2.13.18" time="0.002">
                      
                    </testcase><testcase classname="tests.pc.InlayHintsSuite" name="java-method_2.13.18" time="0.004">
                      
                    </testcase><testcase classname="tests.pc.InlayHintsSuite" name="defaults_2.13.18" time="0.01">
                      
                    </testcase><testcase classname="tests.pc.InlayHintsSuite" name="i4474_2.13.18" time="0.008">
                      
                    </testcase><testcase classname="tests.pc.InlayHintsSuite" name="i4474-2_2.13.18" time="0.005">
                      
                    </testcase>
          <system-out><![CDATA[]]></system-out>
          <system-err><![CDATA[]]></system-err>
        </testsuite>