<?xml version='1.0' encoding='UTF-8'?>
<testsuite hostname="runnervm7b5n9" name="tests.pc.AutoImplementAbstractMembersSuite" tests="44" errors="0" failures="0" skipped="13" time="0.947" timestamp="2026-06-19T02:24:10">
          <properties>
[...]
</properties>
          <testcase classname="tests.pc.AutoImplementAbstractMembersSuite" name="classdef_2.13.18" time="0.793">
                      
                    </testcase><testcase classname="tests.pc.AutoImplementAbstractMembersSuite" name="classdef-tparam_2.13.18" time="0.004">
                      
                    </testcase><testcase classname="tests.pc.AutoImplementAbstractMembersSuite" name="empty-lines-between-members_2.13.18" time="0.004">
                      
                    </testcase><testcase classname="tests.pc.AutoImplementAbstractMembersSuite" name="objectdef_2.13.18" time="0.003">
                      
                    </testcase><testcase classname="tests.pc.AutoImplementAbstractMembersSuite" name="overload_2.13.18" time="0.004">
                      
                    </testcase><testcase classname="tests.pc.AutoImplementAbstractMembersSuite" name="braces_2.13.18" time="0.003">
                      
                    </testcase><testcase classname="tests.pc.AutoImplementAbstractMembersSuite" name="object-creation_2.13.18" time="0.031">
                      
                    </testcase><testcase classname="tests.pc.AutoImplementAbstractMembersSuite" name="context-bound_2.13.18" time="0.004">
                      
                    </testcase><testcase classname="tests.pc.AutoImplementAbstractMembersSuite" name="generics-inheritance_2.13.18" time="0.004">
                      
                    </testcase><testcase classname="tests.pc.AutoImplementAbstractMembersSuite" name="ignore-non-abstract_2.13.18" time="0.004">
                      
                    </testcase><testcase classname="tests.pc.AutoImplementAbstractMembersSuite" name="import_2.13.18" time="0.004">
                      
                    </testcase><testcase classname="tests.pc.AutoImplementAbstractMembersSuite" name="nested-inheritance_2.13.18" time="0.004">
                      
                    </testcase><testcase classname="tests.pc.AutoImplementAbstractMembersSuite" name="jutil_2.13.18" time="0.003">
                      
                    </testcase><testcase classname="tests.pc.AutoImplementAbstractMembersSuite" name="jutil-conflict_2.13.18" time="0.004">
                      
                    </testcase><testcase classname="tests.pc.AutoImplementAbstractMembersSuite" name="val_2.13.18" time="0.003">
                      
                    </testcase><testcase classname="tests.pc.AutoImplementAbstractMembersSuite" name="indent-def_2.13.18" time="0.002">
                      
                    </testcase><testcase classname="tests.pc.AutoImplementAbstractMembersSuite" name="indent-val_2.13.18" time="0.003">
                      
                    </testcase><testcase classname="tests.pc.AutoImplementAbstractMembersSuite" name="indent-type_2.13.18" time="0.002">
                      
                    </testcase><testcase classname="tests.pc.AutoImplementAbstractMembersSuite" name="indent-object-creation_2.13.18" time="0.008">
                      
                    </testcase><testcase classname="tests.pc.AutoImplementAbstractMembersSuite" name="infer-indent-constructor_2.13.18" time="0.002">
                      
                    </testcase><testcase classname="tests.pc.AutoImplementAbstractMembersSuite" name="infer-indent-auxiliary-constructor_2.13.18" time="0.004">
                      
                    </testcase><testcase classname="tests.pc.AutoImplementAbstractMembersSuite" name="indent-closing-brace_2.13.18" time="0.009">
                      
                    </testcase><testcase classname="tests.pc.AutoImplementAbstractMembersSuite" name="complete-braces-moduledef_2.13.18" time="0.009">
                      
                    </testcase><testcase classname="tests.pc.AutoImplementAbstractMembersSuite" name="access-modifiers_2.13.18" time="0.007">
                      
                    </testcase><testcase classname="tests.pc.AutoImplementAbstractMembersSuite" name="complete-braces-indent_2.13.18" time="0.006">
                      
                    </testcase><testcase classname="tests.pc.AutoImplementAbstractMembersSuite" name="selftype_2.13.18" time="0.004">
                      
                    </testcase><testcase classname="tests.pc.AutoImplementAbstractMembersSuite" name="selftype-arrow_2.13.18" time="0.003">
                      
                    </testcase><testcase classname="tests.pc.AutoImplementAbstractMembersSuite" name="tab-indented1_2.13.18" time="0.003">
                      
                    </testcase><testcase classname="tests.pc.AutoImplementAbstractMembersSuite" name="tab-indented2_2.13.18" time="0.002">
                      
                    </testcase><testcase classname="tests.pc.AutoImplementAbstractMembersSuite" name="braceless-basic_2.13.18" time="0.0">
                      <skipped/>
                    </testcase><testcase classname="tests.pc.AutoImplementAbstractMembersSuite" name="braceless-selftype_2.13.18" time="0.0">
                      <skipped/>
                    </testcase><testcase classname="tests.pc.AutoImplementAbstractMembersSuite" name="tab-indented-braceless_2.13.18" time="0.0">
                      <skipped/>
                    </testcase><testcase classname="tests.pc.AutoImplementAbstractMembersSuite" name="extension-methods_2.13.18" time="0.0">
                      <skipped/>
                    </testcase><testcase classname="tests.pc.AutoImplementAbstractMembersSuite" name="extension-methods-tparam_2.13.18" time="0.0">
                      <skipped/>
                    </testcase><testcase classname="tests.pc.AutoImplementAbstractMembersSuite" name="given-object-creation_2.13.18" time="0.0">
                      <skipped/>
                    </testcase><testcase classname="tests.pc.AutoImplementAbstractMembersSuite" name="given-object-creation-braces_2.13.18" time="0.0">
                      <skipped/>
                    </testcase><testcase classname="tests.pc.AutoImplementAbstractMembersSuite" name="given-object-with_2.13.18" time="0.0">
                      <skipped/>
                    </testcase><testcase classname="tests.pc.AutoImplementAbstractMembersSuite" name="type-alias_2.13.18" time="0.004">
                      
                    </testcase><testcase classname="tests.pc.AutoImplementAbstractMembersSuite" name="higher-kind-type_2.13.18" time="0.0">
                      <skipped/>
                    </testcase><testcase classname="tests.pc.AutoImplementAbstractMembersSuite" name="path-dependent-type-arg_2.13.18" time="0.0">
                      <skipped/>
                    </testcase><testcase classname="tests.pc.AutoImplementAbstractMembersSuite" name="case-class_2.13.18" time="0.007">
                      
                    </testcase><testcase classname="tests.pc.AutoImplementAbstractMembersSuite" name="end-marker_2.13.18" time="0.0">
                      <skipped/>
                    </testcase><testcase classname="tests.pc.AutoImplementAbstractMembersSuite" name="end-marker2_2.13.18" time="0.0">
                      <skipped/>
                    </testcase><testcase classname="tests.pc.AutoImplementAbstractMembersSuite" name="braceless-case-class_2.13.18" time="0.0">
                      <skipped/>
                    </testcase>
          <system-out><![CDATA[]]></system-out>
          <system-err><![CDATA[]]></system-err>
        </testsuite>