<?xml version='1.0' encoding='UTF-8'?>
<testsuite hostname="runnervm7b5n9" name="tests.pc.CompletionMatchSuite" tests="27" errors="0" failures="0" skipped="8" time="2.205" timestamp="2026-06-19T02:23:35">
          <properties>
[...]
</properties>
          <testcase classname="tests.pc.CompletionMatchSuite" name="match_2.13.18" time="1.203">
                      
                    </testcase><testcase classname="tests.pc.CompletionMatchSuite" name="trailing-expression_2.13.18" time="0.037">
                      
                    </testcase><testcase classname="tests.pc.CompletionMatchSuite" name="dot_2.13.18" time="0.04">
                      
                    </testcase><testcase classname="tests.pc.CompletionMatchSuite" name="stale1_2.13.18" time="0.023">
                      
                    </testcase><testcase classname="tests.pc.CompletionMatchSuite" name="stale2_2.13.18" time="0.037">
                      
                    </testcase><testcase classname="tests.pc.CompletionMatchSuite" name="stale3_2.13.18" time="0.036">
                      
                    </testcase><testcase classname="tests.pc.CompletionMatchSuite" name="exhaustive-sorting_2.13.18" time="0.041">
                      
                    </testcase><testcase classname="tests.pc.CompletionMatchSuite" name="exhaustive-sorting-scalalib_2.13.18" time="0.045">
                      
                    </testcase><testcase classname="tests.pc.CompletionMatchSuite" name="inner-class_2.13.18" time="0.044">
                      
                    </testcase><testcase classname="tests.pc.CompletionMatchSuite" name="exhaustive-java-enum_2.13.18" time="0.038">
                      
                    </testcase><testcase classname="tests.pc.CompletionMatchSuite" name="exhaustive-scala-enum_2.13.18" time="0.0">
                      <skipped/>
                    </testcase><testcase classname="tests.pc.CompletionMatchSuite" name="exhaustive-fully-qualify_2.13.18" time="0.042">
                      
                    </testcase><testcase classname="tests.pc.CompletionMatchSuite" name="exhaustive-upper-type-bounds_2.13.18" time="0.154">
                      
                    </testcase><testcase classname="tests.pc.CompletionMatchSuite" name="exhaustive-upper-type-bounds with refinement_2.13.18" time="0.049">
                      
                    </testcase><testcase classname="tests.pc.CompletionMatchSuite" name="exhaustive-map_2.13.18" time="0.115">
                      
                    </testcase><testcase classname="tests.pc.CompletionMatchSuite" name="exhaustive-map-edit_2.13.18" time="0.079">
                      
                    </testcase><testcase classname="tests.pc.CompletionMatchSuite" name="exhaustive-map-edit-2_2.13.18" time="0.086">
                      
                    </testcase><testcase classname="tests.pc.CompletionMatchSuite" name="exhaustive-map-edit-3_2.13.18" time="0.07">
                      
                    </testcase><testcase classname="tests.pc.CompletionMatchSuite" name="exhaustive-enum-tags_2.13.18" time="0.0">
                      <skipped/>
                    </testcase><testcase classname="tests.pc.CompletionMatchSuite" name="exhaustive-enum-tags2_2.13.18" time="0.0">
                      <skipped/>
                    </testcase><testcase classname="tests.pc.CompletionMatchSuite" name="exhaustive-enum-tags3_2.13.18" time="0.0">
                      <skipped/>
                    </testcase><testcase classname="tests.pc.CompletionMatchSuite" name="exhaustive-rename_2.13.18" time="0.0">
                      <skipped/>
                    </testcase><testcase classname="tests.pc.CompletionMatchSuite" name="stale-symbols_2.13.18" time="0.027">
                      
                    </testcase><testcase classname="tests.pc.CompletionMatchSuite" name="type-alias_2.13.18" time="0.0">
                      <skipped/>
                    </testcase><testcase classname="tests.pc.CompletionMatchSuite" name="type-alias-sealed-trait_2.13.18" time="0.039">
                      
                    </testcase><testcase classname="tests.pc.CompletionMatchSuite" name="union-type_2.13.18" time="0.0">
                      <skipped/>
                    </testcase><testcase classname="tests.pc.CompletionMatchSuite" name="union-type-edit_2.13.18" time="0.0">
                      <skipped/>
                    </testcase>
          <system-out><![CDATA[]]></system-out>
          <system-err><![CDATA[]]></system-err>
        </testsuite>