<?xml version='1.0' encoding='UTF-8'?>
<testsuite hostname="runnervm7b5n9" name="tests.codeactions.StringActionsLspSuite" tests="21" errors="0" failures="0" skipped="0" time="37.981" timestamp="2026-06-19T02:25:44">
          <properties>
[...]
</properties>
          <testcase classname="tests.codeactions.StringActionsLspSuite" name="empty-string-multiline" time="1.895">
                      
                    </testcase><testcase classname="tests.codeactions.StringActionsLspSuite" name="empty-string-interpolation" time="1.817">
                      
                    </testcase><testcase classname="tests.codeactions.StringActionsLspSuite" name="multi-strings-one-line-multiline" time="1.836">
                      
                    </testcase><testcase classname="tests.codeactions.StringActionsLspSuite" name="multi-strings-one-line-interpolation" time="1.917">
                      
                    </testcase><testcase classname="tests.codeactions.StringActionsLspSuite" name="multi-strings-multiline" time="1.833">
                      
                    </testcase><testcase classname="tests.codeactions.StringActionsLspSuite" name="multi-strings-interpolation" time="1.777">
                      
                    </testcase><testcase classname="tests.codeactions.StringActionsLspSuite" name="multiline-string-interpolation" time="1.768">
                      
                    </testcase><testcase classname="tests.codeactions.StringActionsLspSuite" name="out-selection-no-codeAction" time="1.672">
                      
                    </testcase><testcase classname="tests.codeactions.StringActionsLspSuite" name="interpolation-string" time="1.794">
                      
                    </testcase><testcase classname="tests.codeactions.StringActionsLspSuite" name="mix-strings-one-line-multiline" time="1.79">
                      
                    </testcase><testcase classname="tests.codeactions.StringActionsLspSuite" name="mix-strings-one-line-interpolation" time="1.883">
                      
                    </testcase><testcase classname="tests.codeactions.StringActionsLspSuite" name="remix-strings-one-line-multiline" time="1.794">
                      
                    </testcase><testcase classname="tests.codeactions.StringActionsLspSuite" name="remix-strings-one-line-remove-interpolation" time="1.785">
                      
                    </testcase><testcase classname="tests.codeactions.StringActionsLspSuite" name="triple-quotes-remove-interpolation" time="1.777">
                      
                    </testcase><testcase classname="tests.codeactions.StringActionsLspSuite" name="triple-quotes-remove-interpolation-custom" time="1.865">
                      
                    </testcase><testcase classname="tests.codeactions.StringActionsLspSuite" name="mix-strings-multiline" time="1.862">
                      
                    </testcase><testcase classname="tests.codeactions.StringActionsLspSuite" name="mix-strings-interpolation" time="1.867">
                      
                    </testcase><testcase classname="tests.codeactions.StringActionsLspSuite" name="remix-strings" time="1.787">
                      
                    </testcase><testcase classname="tests.codeactions.StringActionsLspSuite" name="triple-quotes" time="1.779">
                      
                    </testcase><testcase classname="tests.codeactions.StringActionsLspSuite" name="triple-quotes-interpolation-no-codeAction" time="1.701">
                      
                    </testcase><testcase classname="tests.codeactions.StringActionsLspSuite" name="mix-triple-quotes" time="1.782">
                      
                    </testcase>
          <system-out><![CDATA[]]></system-out>
          <system-err><![CDATA[]]></system-err>
        </testsuite>