<?xml version='1.0' encoding='UTF-8'?>
<testsuite hostname="runnervm7b5n9" name="tests.FallbackDownloadSuite" tests="2" errors="0" failures="1" skipped="0" time="4.994" timestamp="2026-06-19T02:26:53">
          <properties>
[...]
</properties>
          <testcase classname="tests.FallbackDownloadSuite" name="download-mtags" time="1.961">
                      
                    </testcase><testcase classname="tests.FallbackDownloadSuite" name="download-mtags-jar-based" time="3.033">
                      <failure message="munit.FailException: tests/unit/src/test/scala/tests/FallbackDownloadSuite.scala:24 Fallback should download mtags using local coursier
23:    println(results)
[7m24:    assert([0m
25:      results.exists(_.toString.contains(&quot;mtags_2.12.18-14.0.jar&quot;))," type="sbt.ForkMain$ForkError">sbt.ForkMain$ForkError: munit.FailException: tests/unit/src/test/scala/tests/FallbackDownloadSuite.scala:24 Fallback should download mtags using local coursier
23:    println(results)
[7m24:    assert([0m
25:      results.exists(_.toString.contains(&quot;mtags_2.12.18-14.0.jar&quot;)),
	at munit.Assertions.fail(Assertions.scala:297)
	at munit.Assertions.fail$(Assertions.scala:292)
	at munit.FunSuite.fail(FunSuite.scala:12)
	at munit.Assertions.$anonfun$assert$1(Assertions.scala:35)
	at scala.runtime.java8.JFunction0$mcV$sp.apply(JFunction0$mcV$sp.scala:18)
	at munit.internal.console.StackTraces$.dropInside(StackTraces.scala:10)
	at munit.Assertions.assert(Assertions.scala:33)
	at munit.Assertions.assert$(Assertions.scala:31)
	at munit.FunSuite.assert(FunSuite.scala:12)
	at tests.FallbackDownloadSuite.$anonfun$new$6(FallbackDownloadSuite.scala:24)
	at scala.runtime.java8.JFunction0$mcV$sp.apply(JFunction0$mcV$sp.scala:18)
	at munit.internal.console.StackTraces$.dropOutside(StackTraces.scala:12)
	at munit.ValueTransforms.$anonfun$munitValueTransform$3(ValueTransforms.scala:31)
	at scala.util.Try$.apply(Try.scala:217)
	at munit.ValueTransforms.munitValueTransform(ValueTransforms.scala:31)
	at munit.ValueTransforms.munitValueTransform$(ValueTransforms.scala:20)
	at munit.FunSuite.munitValueTransform(FunSuite.scala:12)
	at munit.BaseFunSuite.$anonfun$test$2(FunSuite.scala:34)
	at munit.internal.PlatformCompat$.$anonfun$waitAtMost$2(PlatformCompat.scala:61)
	at munit.Suite$$anon$1.execute(Suite.scala:28)
	at munit.internal.PlatformCompat$.waitAtMost(PlatformCompat.scala:60)
	at munit.BaseFunSuite.waitForCompletion(FunSuite.scala:43)
	at munit.BaseFunSuite.$anonfun$test$1(FunSuite.scala:34)
	at munit.internal.console.StackTraces$.dropOutside(StackTraces.scala:12)
	at munit.MUnitRunner.$anonfun$runTestBody$2(MUnitRunner.scala:298)
	at scala.concurrent.impl.Promise$Transformation.run(Promise.scala:503)
	at munit.Suite$$anon$1.execute(Suite.scala:28)
	at scala.concurrent.impl.Promise$Transformation.submitWithValue(Promise.scala:462)
	at scala.concurrent.impl.Promise$DefaultPromise.submitWithValue(Promise.scala:371)
	at scala.concurrent.impl.Promise$DefaultPromise.dispatchOrAddCallbacks(Promise.scala:322)
	at scala.concurrent.impl.Promise$DefaultPromise.flatMap(Promise.scala:176)
	at munit.MUnitRunner.runTestBody(MUnitRunner.scala:291)
	at munit.MUnitRunner.runTest(MUnitRunner.scala:268)
	at munit.MUnitRunner.$anonfun$runAsync$2(MUnitRunner.scala:112)
	at scala.collection.Iterator$$anon$9.next(Iterator.scala:594)
	at munit.MUnitRunner.loop$1(MUnitRunner.scala:135)
	at munit.MUnitRunner.sequenceFutures(MUnitRunner.scala:147)
	at munit.MUnitRunner.$anonfun$runAsync$1(MUnitRunner.scala:112)
	at scala.concurrent.impl.Promise$Transformation.run(Promise.scala:510)
	at munit.Suite$$anon$1.execute(Suite.scala:28)
	at scala.concurrent.impl.Promise$Transformation.submitWithValue(Promise.scala:462)
	at scala.concurrent.impl.Promise$DefaultPromise.submitWithValue(Promise.scala:371)
	at scala.concurrent.impl.Promise$DefaultPromise.dispatchOrAddCallbacks(Promise.scala:322)
	at scala.concurrent.impl.Promise$DefaultPromise.transformWith(Promise.scala:131)
	at munit.MUnitRunner.runAsync(MUnitRunner.scala:108)
	at munit.MUnitRunner.run(MUnitRunner.scala:100)
	at munit.internal.junitinterface.JUnitRunnerWrapper.run(JUnitRunnerWrapper.java:24)
	at org.junit.runners.Suite.runChild(Suite.java:128)
	at org.junit.runners.Suite.runChild(Suite.java:27)
	at org.junit.runners.ParentRunner$4.run(ParentRunner.java:331)
	at org.junit.runners.ParentRunner$1.schedule(ParentRunner.java:79)
	at org.junit.runners.ParentRunner.runChildren(ParentRunner.java:329)
	at org.junit.runners.ParentRunner.access$100(ParentRunner.java:66)
	at org.junit.runners.ParentRunner$2.evaluate(ParentRunner.java:293)
	at org.junit.runners.ParentRunner$3.evaluate(ParentRunner.java:306)
	at org.junit.runners.ParentRunner.run(ParentRunner.java:413)
	at org.junit.runner.JUnitCore.run(JUnitCore.java:137)
	at org.junit.runner.JUnitCore.run(JUnitCore.java:115)
	at munit.internal.junitinterface.JUnitTask.execute(JUnitTask.java:87)
	at sbt.ForkMain$Run.lambda$runTest$1(ForkMain.java:414)
	at java.base/java.util.concurrent.FutureTask.run(FutureTask.java:264)
	at java.base/java.util.concurrent.ThreadPoolExecutor.runWorker(ThreadPoolExecutor.java:1136)
	at java.base/java.util.concurrent.ThreadPoolExecutor$Worker.run(ThreadPoolExecutor.java:635)
	at java.base/java.lang.Thread.run(Thread.java:840)
</failure>
                    </testcase>
          <system-out><![CDATA[]]></system-out>
          <system-err><![CDATA[]]></system-err>
        </testsuite>