<?xml version='1.0' encoding='UTF-8'?>
<testsuite hostname="runnervm7b5n9" name="tests.formatting.OnTypeFormattingSuite" tests="39" errors="0" failures="0" skipped="0" time="60.889" timestamp="2026-06-19T02:26:48">
          <properties>
[...]
</properties>
          <testcase classname="tests.formatting.OnTypeFormattingSuite" name="top-of-file" time="1.579">
                      
                    </testcase><testcase classname="tests.formatting.OnTypeFormattingSuite" name="correct-string" time="1.649">
                      
                    </testcase><testcase classname="tests.formatting.OnTypeFormattingSuite" name="multiple-multi1" time="1.706">
                      
                    </testcase><testcase classname="tests.formatting.OnTypeFormattingSuite" name="multiple-multi2" time="1.612">
                      
                    </testcase><testcase classname="tests.formatting.OnTypeFormattingSuite" name="interpolated-string" time="1.632">
                      
                    </testcase><testcase classname="tests.formatting.OnTypeFormattingSuite" name="multi-interpolated" time="1.617">
                      
                    </testcase><testcase classname="tests.formatting.OnTypeFormattingSuite" name="nested-interpolation" time="1.669">
                      
                    </testcase><testcase classname="tests.formatting.OnTypeFormattingSuite" name="interpolated-single-quotes1" time="1.637">
                      
                    </testcase><testcase classname="tests.formatting.OnTypeFormattingSuite" name="interpolated-single-quotes2" time="1.666">
                      
                    </testcase><testcase classname="tests.formatting.OnTypeFormattingSuite" name="interpolated-single-quotes3" time="1.327">
                      
                    </testcase><testcase classname="tests.formatting.OnTypeFormattingSuite" name="interpolated-single-quotes4" time="1.313">
                      
                    </testcase><testcase classname="tests.formatting.OnTypeFormattingSuite" name="correct-no-dot" time="1.34">
                      
                    </testcase><testcase classname="tests.formatting.OnTypeFormattingSuite" name="after-string" time="1.613">
                      
                    </testcase><testcase classname="tests.formatting.OnTypeFormattingSuite" name="no-pipe-string" time="1.713">
                      
                    </testcase><testcase classname="tests.formatting.OnTypeFormattingSuite" name="far-indent-string" time="1.632">
                      
                    </testcase><testcase classname="tests.formatting.OnTypeFormattingSuite" name="weird-indent" time="1.587">
                      
                    </testcase><testcase classname="tests.formatting.OnTypeFormattingSuite" name="last" time="1.626">
                      
                    </testcase><testcase classname="tests.formatting.OnTypeFormattingSuite" name="after-interpolation-string" time="1.618">
                      
                    </testcase><testcase classname="tests.formatting.OnTypeFormattingSuite" name="real-pipe" time="1.625">
                      
                    </testcase><testcase classname="tests.formatting.OnTypeFormattingSuite" name="string-two-lines" time="1.581">
                      
                    </testcase><testcase classname="tests.formatting.OnTypeFormattingSuite" name="string-tree-lines" time="1.619">
                      
                    </testcase><testcase classname="tests.formatting.OnTypeFormattingSuite" name="3-quotes" time="1.351">
                      
                    </testcase><testcase classname="tests.formatting.OnTypeFormattingSuite" name="3-quotes-interpolation" time="1.306">
                      
                    </testcase><testcase classname="tests.formatting.OnTypeFormattingSuite" name="3-quotes-trigger-newLine" time="1.306">
                      
                    </testcase><testcase classname="tests.formatting.OnTypeFormattingSuite" name="3-quotes-sql-interpolat" time="1.302">
                      
                    </testcase><testcase classname="tests.formatting.OnTypeFormattingSuite" name="multiple-3-quotes-sql" time="1.305">
                      
                    </testcase><testcase classname="tests.formatting.OnTypeFormattingSuite" name="add-stripMargin" time="1.591">
                      
                    </testcase><testcase classname="tests.formatting.OnTypeFormattingSuite" name="dont-add-stripMargin" time="1.619">
                      
                    </testcase><testcase classname="tests.formatting.OnTypeFormattingSuite" name="dont-add-stripMargin-with-config" time="1.597">
                      
                    </testcase><testcase classname="tests.formatting.OnTypeFormattingSuite" name="add-stripMargin-with-config" time="1.635">
                      
                    </testcase><testcase classname="tests.formatting.OnTypeFormattingSuite" name="vscode-without-stripMargin-bracket-same-line" time="1.608">
                      
                    </testcase><testcase classname="tests.formatting.OnTypeFormattingSuite" name="vscode-stripMargin-bracket-same-line" time="1.611">
                      
                    </testcase><testcase classname="tests.formatting.OnTypeFormattingSuite" name="vscode-strip-margin-bracket" time="1.588">
                      
                    </testcase><testcase classname="tests.formatting.OnTypeFormattingSuite" name="vscode-strip-margin-bracket-interpolation-string" time="1.695">
                      
                    </testcase><testcase classname="tests.formatting.OnTypeFormattingSuite" name="vscode-strip-margin-multiple-brackets" time="1.656">
                      
                    </testcase><testcase classname="tests.formatting.OnTypeFormattingSuite" name="no-stripMargin" time="1.554">
                      
                    </testcase><testcase classname="tests.formatting.OnTypeFormattingSuite" name="vscode-add-missing-interp-string-context" time="1.614">
                      
                    </testcase><testcase classname="tests.formatting.OnTypeFormattingSuite" name="vscode-escape-existing-dollar-in-string-interp" time="1.581">
                      
                    </testcase><testcase classname="tests.formatting.OnTypeFormattingSuite" name="vscode-multi-line-string-interp" time="1.609">
                      
                    </testcase>
          <system-out><![CDATA[]]></system-out>
          <system-err><![CDATA[]]></system-err>
        </testsuite>