<?xml version='1.0' encoding='UTF-8'?>
<testsuite hostname="runnervm7b5n9" name="tests.inlayHints.InlayHintsExpectSuite" tests="35" errors="0" failures="0" skipped="0" time="0.57" timestamp="2026-06-19T02:25:06">
          <properties>
[...]
</properties>
          <testcase classname="tests.inlayHints.InlayHintsExpectSuite" name="EmptyPackage" time="0.056">
                      
                    </testcase><testcase classname="tests.inlayHints.InlayHintsExpectSuite" name="VarArgs" time="0.016">
                      
                    </testcase><testcase classname="tests.inlayHints.InlayHintsExpectSuite" name="ImplicitClasses" time="0.037">
                      
                    </testcase><testcase classname="tests.inlayHints.InlayHintsExpectSuite" name="JavaThenScala" time="0.005">
                      
                    </testcase><testcase classname="tests.inlayHints.InlayHintsExpectSuite" name="Comments" time="0.006">
                      
                    </testcase><testcase classname="tests.inlayHints.InlayHintsExpectSuite" name="MethodOverload" time="0.008">
                      
                    </testcase><testcase classname="tests.inlayHints.InlayHintsExpectSuite" name="Locals" time="0.004">
                      
                    </testcase><testcase classname="tests.inlayHints.InlayHintsExpectSuite" name="Vars" time="0.006">
                      
                    </testcase><testcase classname="tests.inlayHints.InlayHintsExpectSuite" name="AnonymousClasses" time="0.002">
                      
                    </testcase><testcase classname="tests.inlayHints.InlayHintsExpectSuite" name="Imports" time="0.01">
                      
                    </testcase><testcase classname="tests.inlayHints.InlayHintsExpectSuite" name="NamedArguments" time="0.036">
                      
                    </testcase><testcase classname="tests.inlayHints.InlayHintsExpectSuite" name="Miscellaneous" time="0.016">
                      
                    </testcase><testcase classname="tests.inlayHints.InlayHintsExpectSuite" name="SQLQueries" time="0.026">
                      
                    </testcase><testcase classname="tests.inlayHints.InlayHintsExpectSuite" name="package" time="0.004">
                      
                    </testcase><testcase classname="tests.inlayHints.InlayHintsExpectSuite" name="EtaExpansion" time="0.007">
                      
                    </testcase><testcase classname="tests.inlayHints.InlayHintsExpectSuite" name="UseJavaEnum" time="0.005">
                      
                    </testcase><testcase classname="tests.inlayHints.InlayHintsExpectSuite" name="ForComprehensions" time="0.035">
                      
                    </testcase><testcase classname="tests.inlayHints.InlayHintsExpectSuite" name="TypeMembers" time="0.002">
                      
                    </testcase><testcase classname="tests.inlayHints.InlayHintsExpectSuite" name="Backtick" time="0.002">
                      
                    </testcase><testcase classname="tests.inlayHints.InlayHintsExpectSuite" name="TypeParameters" time="0.004">
                      
                    </testcase><testcase classname="tests.inlayHints.InlayHintsExpectSuite" name="Companion" time="0.003">
                      
                    </testcase><testcase classname="tests.inlayHints.InlayHintsExpectSuite" name="Scalalib" time="0.007">
                      
                    </testcase><testcase classname="tests.inlayHints.InlayHintsExpectSuite" name="package-1" time="0.004">
                      
                    </testcase><testcase classname="tests.inlayHints.InlayHintsExpectSuite" name="ExampleNested" time="0.002">
                      
                    </testcase><testcase classname="tests.inlayHints.InlayHintsExpectSuite" name="LocalClass" time="0.009">
                      
                    </testcase><testcase classname="tests.inlayHints.InlayHintsExpectSuite" name="DoublePackage" time="0.004">
                      
                    </testcase><testcase classname="tests.inlayHints.InlayHintsExpectSuite" name="TryCatch" time="0.008">
                      
                    </testcase><testcase classname="tests.inlayHints.InlayHintsExpectSuite" name="PatternMatching" time="0.016">
                      
                    </testcase><testcase classname="tests.inlayHints.InlayHintsExpectSuite" name="ReflectiveInvocation" time="0.005">
                      
                    </testcase><testcase classname="tests.inlayHints.InlayHintsExpectSuite" name="MacroAnnotation" time="0.143">
                      
                    </testcase><testcase classname="tests.inlayHints.InlayHintsExpectSuite" name="ImplicitConversions" time="0.025">
                      
                    </testcase><testcase classname="tests.inlayHints.InlayHintsExpectSuite" name="StructuralTypes" time="0.014">
                      
                    </testcase><testcase classname="tests.inlayHints.InlayHintsExpectSuite" name="Definitions" time="0.021">
                      
                    </testcase><testcase classname="tests.inlayHints.InlayHintsExpectSuite" name="LocalDeclarations" time="0.018">
                      
                    </testcase><testcase classname="tests.inlayHints.InlayHintsExpectSuite" name="ExampleSuite" time="0.004">
                      
                    </testcase>
          <system-out><![CDATA[]]></system-out>
          <system-err><![CDATA[]]></system-err>
        </testsuite>