<?xml version='1.0' encoding='UTF-8'?>
<testsuite hostname="runnervm7b5n9" name="tests.codeactions.ImportMissingSymbolLspSuite" tests="19" errors="0" failures="0" skipped="0" time="32.46" timestamp="2026-06-19T02:28:33">
          <properties>
[...]
</properties>
          <testcase classname="tests.codeactions.ImportMissingSymbolLspSuite" name="basic" time="1.776">
                      
                    </testcase><testcase classname="tests.codeactions.ImportMissingSymbolLspSuite" name="all-mixed" time="1.522">
                      
                    </testcase><testcase classname="tests.codeactions.ImportMissingSymbolLspSuite" name="all-mixed-rename" time="1.418">
                      
                    </testcase><testcase classname="tests.codeactions.ImportMissingSymbolLspSuite" name="enclosed-range" time="1.725">
                      
                    </testcase><testcase classname="tests.codeactions.ImportMissingSymbolLspSuite" name="multiple-tries" time="1.815">
                      
                    </testcase><testcase classname="tests.codeactions.ImportMissingSymbolLspSuite" name="multi-same-line-ambiguous" time="1.437">
                      
                    </testcase><testcase classname="tests.codeactions.ImportMissingSymbolLspSuite" name="multi-across-lines-non-ambiguous" time="1.725">
                      
                    </testcase><testcase classname="tests.codeactions.ImportMissingSymbolLspSuite" name="multi-across-lines-ambiguous-and-non-ambiguous" time="1.424">
                      
                    </testcase><testcase classname="tests.codeactions.ImportMissingSymbolLspSuite" name="multi-same-symbol" time="1.5">
                      
                    </testcase><testcase classname="tests.codeactions.ImportMissingSymbolLspSuite" name="multi-package-object" time="1.392">
                      
                    </testcase><testcase classname="tests.codeactions.ImportMissingSymbolLspSuite" name="i5567" time="1.794">
                      
                    </testcase><testcase classname="tests.codeactions.ImportMissingSymbolLspSuite" name="6180-0" time="1.869">
                      
                    </testcase><testcase classname="tests.codeactions.ImportMissingSymbolLspSuite" name="i6732-happy" time="2.566">
                      
                    </testcase><testcase classname="tests.codeactions.ImportMissingSymbolLspSuite" name="i6732-negative (private)" time="1.592">
                      
                    </testcase><testcase classname="tests.codeactions.ImportMissingSymbolLspSuite" name="i6732-negative (private with out of path access boundary)" time="1.592">
                      
                    </testcase><testcase classname="tests.codeactions.ImportMissingSymbolLspSuite" name="i7777 (empty package)" time="1.521">
                      
                    </testcase><testcase classname="tests.codeactions.ImportMissingSymbolLspSuite" name="source-add-missing-imports-single-unambiguous" time="1.737">
                      
                    </testcase><testcase classname="tests.codeactions.ImportMissingSymbolLspSuite" name="mongo-dep" time="2.2">
                      
                    </testcase><testcase classname="tests.codeactions.ImportMissingSymbolLspSuite" name="mongo-dep-1" time="1.855">
                      
                    </testcase>
          <system-out><![CDATA[]]></system-out>
          <system-err><![CDATA[]]></system-err>
        </testsuite>