<?xml version='1.0' encoding='UTF-8'?>
<testsuite hostname="runnervm7b5n9" name="tests.ImplementationLspSuite" tests="44" errors="0" failures="0" skipped="5" time="80.952" timestamp="2026-06-19T02:24:12">
          <properties>
[...]
</properties>
          <testcase classname="tests.ImplementationLspSuite" name="basic" time="3.081">
                      
                    </testcase><testcase classname="tests.ImplementationLspSuite" name="advanced" time="2.236">
                      
                    </testcase><testcase classname="tests.ImplementationLspSuite" name="inside-object" time="2.043">
                      
                    </testcase><testcase classname="tests.ImplementationLspSuite" name="file-locals" time="2.03">
                      
                    </testcase><testcase classname="tests.ImplementationLspSuite" name="basic-value" time="2.021">
                      
                    </testcase><testcase classname="tests.ImplementationLspSuite" name="basic-var" time="1.955">
                      
                    </testcase><testcase classname="tests.ImplementationLspSuite" name="nested" time="2.036">
                      
                    </testcase><testcase classname="tests.ImplementationLspSuite" name="basic-method" time="2.035">
                      
                    </testcase><testcase classname="tests.ImplementationLspSuite" name="basic-method-params" time="2.038">
                      
                    </testcase><testcase classname="tests.ImplementationLspSuite" name="on-usage" time="2.079">
                      
                    </testcase><testcase classname="tests.ImplementationLspSuite" name="long-method-params" time="2.01">
                      
                    </testcase><testcase classname="tests.ImplementationLspSuite" name="generic-method" time="2.04">
                      
                    </testcase><testcase classname="tests.ImplementationLspSuite" name="generic-impl" time="1.904">
                      
                    </testcase><testcase classname="tests.ImplementationLspSuite" name="generic-impl-type" time="1.895">
                      
                    </testcase><testcase classname="tests.ImplementationLspSuite" name="generic-advanced" time="1.92">
                      
                    </testcase><testcase classname="tests.ImplementationLspSuite" name="java-classes" time="0.0">
                      <skipped/>
                    </testcase><testcase classname="tests.ImplementationLspSuite" name="local-classes" time="1.928">
                      
                    </testcase><testcase classname="tests.ImplementationLspSuite" name="lib-type" time="0.0">
                      <skipped/>
                    </testcase><testcase classname="tests.ImplementationLspSuite" name="lib-alias" time="1.872">
                      
                    </testcase><testcase classname="tests.ImplementationLspSuite" name="type-alias-global" time="0.0">
                      <skipped/>
                    </testcase><testcase classname="tests.ImplementationLspSuite" name="unrelated-invo" time="1.999">
                      
                    </testcase><testcase classname="tests.ImplementationLspSuite" name="local-advanced" time="1.878">
                      
                    </testcase><testcase classname="tests.ImplementationLspSuite" name="local-type-alias" time="1.962">
                      
                    </testcase><testcase classname="tests.ImplementationLspSuite" name="type-with-params" time="1.934">
                      
                    </testcase><testcase classname="tests.ImplementationLspSuite" name="higher-kinded" time="2.015">
                      
                    </testcase><testcase classname="tests.ImplementationLspSuite" name="vararg" time="1.945">
                      
                    </testcase><testcase classname="tests.ImplementationLspSuite" name="structural" time="1.903">
                      
                    </testcase><testcase classname="tests.ImplementationLspSuite" name="by-name" time="1.899">
                      
                    </testcase><testcase classname="tests.ImplementationLspSuite" name="object" time="1.902">
                      
                    </testcase><testcase classname="tests.ImplementationLspSuite" name="libraries" time="2.753">
                      
                    </testcase><testcase classname="tests.ImplementationLspSuite" name="anon" time="1.86">
                      
                    </testcase><testcase classname="tests.ImplementationLspSuite" name="anon-method" time="1.925">
                      
                    </testcase><testcase classname="tests.ImplementationLspSuite" name="macro-annotation" time="3.755">
                      
                    </testcase><testcase classname="tests.ImplementationLspSuite" name="type-local" time="1.929">
                      
                    </testcase><testcase classname="tests.ImplementationLspSuite" name="local-methods" time="1.851">
                      
                    </testcase><testcase classname="tests.ImplementationLspSuite" name="type-implementation" time="1.81">
                      
                    </testcase><testcase classname="tests.ImplementationLspSuite" name="java-implementation" time="2.533">
                      
                    </testcase><testcase classname="tests.ImplementationLspSuite" name="java-scala-implementation" time="2.52">
                      
                    </testcase><testcase classname="tests.ImplementationLspSuite" name="set" time="0.0">
                      <skipped/>
                    </testcase><testcase classname="tests.ImplementationLspSuite" name="multi-module" time="1.997">
                      
                    </testcase><testcase classname="tests.ImplementationLspSuite" name="self-type" time="1.793">
                      
                    </testcase><testcase classname="tests.ImplementationLspSuite" name="self-type-1" time="1.797">
                      
                    </testcase><testcase classname="tests.ImplementationLspSuite" name="self-type-with" time="1.869">
                      
                    </testcase><testcase classname="tests.ImplementationLspSuite" name="self-type-in-lib" time="0.0">
                      <skipped/>
                    </testcase>
          <system-out><![CDATA[]]></system-out>
          <system-err><![CDATA[]]></system-err>
        </testsuite>